2024-11-25T10:27:04.177 helix_lsp::transport [ERROR] nixd err <- "I[10:27:04.177] 53759: <-- initialize(0)\n"
2024-11-25T10:27:04.177 helix_lsp::transport [ERROR] nixd err <- "I[10:27:04.177] 53759: --> reply:initialize(0)\n"
2024-11-25T10:27:04.178 helix_lsp::transport [ERROR] nixd err <- "I[10:27:04.178] 53759: --> call window/workDoneProgress/create(1)\n"
2024-11-25T10:27:04.178 helix_lsp::transport [ERROR] nixd err <- "I[10:27:04.178] 53759: --> notify $/progress\n"
2024-11-25T10:27:04.178 helix_lsp::transport [ERROR] nixd err <- "I[10:27:04.178] 53759: --> call attrset/evalExpr(1)\n"
2024-11-25T10:27:04.179 helix_lsp::transport [ERROR] nixd err <- "I[10:27:04.179] 53759: --> call window/workDoneProgress/create(2)\n"
2024-11-25T10:27:04.179 helix_lsp::transport [ERROR] nixd err <- "I[10:27:04.179] 53759: --> notify $/progress\n"
2024-11-25T10:27:04.179 helix_lsp::transport [ERROR] nixd err <- "I[10:27:04.179] 53759: --> call attrset/evalExpr(1)\n"
2024-11-25T10:27:04.179 helix_lsp::transport [ERROR] nixd err <- "I[10:27:04.179] 53759: --> call workspace/configuration(3)\n"
2024-11-25T10:27:04.179 helix_lsp::transport [ERROR] nixd err <- "I[10:27:04.179] 53759: <-- initialized\n"
2024-11-25T10:27:04.179 helix_lsp::transport [ERROR] nixd err <- "I[10:27:04.179] 53759: <-- workspace/didChangeConfiguration\n"
2024-11-25T10:27:04.179 helix_lsp::transport [ERROR] nixd err <- "I[10:27:04.179] 53759: --> call workspace/configuration(4)\n"
2024-11-25T10:27:04.180 helix_lsp::transport [ERROR] nixd err <- "I[10:27:04.180] 53759: <-- textDocument/didOpen\n"
2024-11-25T10:27:04.180 helix_lsp::transport [ERROR] nixd err <- "I[10:27:04.180] 53759: --> notify textDocument/publishDiagnostics\n"
2024-11-25T10:27:04.180 helix_lsp::transport [ERROR] nixd err <- "I[10:27:04.180] 53759: <-- reply(1)\n"
2024-11-25T10:27:04.180 helix_lsp::transport [ERROR] nixd err <- "I[10:27:04.180] 53759: <-- reply(2)\n"
2024-11-25T10:27:04.180 helix_lsp::transport [ERROR] nixd err <- "I[10:27:04.180] 53759: <-- reply(3)\n"
2024-11-25T10:27:04.180 helix_lsp::transport [ERROR] nixd err <- "I[10:27:04.180] 53759: <-- reply(4)\n"
2024-11-25T10:27:04.181 helix_lsp::transport [ERROR] nixd err <- "I[10:27:04.181] 53759: --> call window/workDoneProgress/create(5)\n"
2024-11-25T10:27:04.181 helix_lsp::transport [ERROR] nixd err <- "I[10:27:04.181] 53759: --> notify $/progress\n"
2024-11-25T10:27:04.181 helix_lsp::transport [ERROR] nixd err <- "I[10:27:04.181] 53759: --> call attrset/evalExpr(1)\n"
2024-11-25T10:27:04.181 helix_lsp::transport [ERROR] nixd err <- "I[10:27:04.181] 53759: --> notify textDocument/publishDiagnostics\n"
2024-11-25T10:27:04.182 helix_lsp::transport [ERROR] nixd err <- "I[10:27:04.181] 53759: --> call window/workDoneProgress/create(6)\n"
2024-11-25T10:27:04.182 helix_lsp::transport [ERROR] nixd err <- "I[10:27:04.182] 53759: --> notify $/progress\n"
2024-11-25T10:27:04.182 helix_lsp::transport [ERROR] nixd err <- "I[10:27:04.182] 53759: --> call attrset/evalExpr(2)\n"
2024-11-25T10:27:04.182 helix_lsp::transport [ERROR] nixd err <- "I[10:27:04.182] 53759: <-- reply(5)\n"
2024-11-25T10:27:04.182 helix_lsp::transport [ERROR] nixd err <- "I[10:27:04.182] 53759: --> notify textDocument/publishDiagnostics\n"
2024-11-25T10:27:04.182 helix_lsp::transport [ERROR] nixd err <- "I[10:27:04.182] 53759: <-- reply(6)\n"
2024-11-25T10:27:04.699 helix_lsp::transport [ERROR] nixd err <- "I[10:27:04.699] 53759: <-- reply(1)\n"
2024-11-25T10:27:04.699 helix_lsp::transport [ERROR] nixd err <- "I[10:27:04.699] 53759: --> notify $/progress\n"
2024-11-25T10:27:05.236 helix_lsp::transport [ERROR] nixd err <- "I[10:27:05.236] 53759: <-- reply(1)\n"
2024-11-25T10:27:05.236 helix_lsp::transport [ERROR] nixd err <- "I[10:27:05.236] 53759: --> notify $/progress\n"
2024-11-25T10:27:05.293 helix_lsp::transport [ERROR] nixd err <- "I[10:27:05.293] 53759: <-- reply(1)\n"
2024-11-25T10:27:05.293 helix_lsp::transport [ERROR] nixd err <- "I[10:27:05.293] 53759: --> notify $/progress\n"
2024-11-25T10:27:06.071 helix_lsp::transport [ERROR] nixd err <- "I[10:27:06.071] 53759: <-- reply(2)\n"
2024-11-25T10:27:06.071 helix_lsp::transport [ERROR] nixd err <- "I[10:27:06.071] 53759: --> notify $/progress\n"
2024-11-25T10:27:34.666 helix_lsp::transport [ERROR] nixd err <- "I[10:27:34.666] 53759: <-- textDocument/didOpen\n"
2024-11-25T10:27:34.666 helix_lsp::transport [ERROR] nixd err <- "I[10:27:34.666] 53759: --> notify textDocument/publishDiagnostics\n"
2024-11-25T10:27:41.486 helix_lsp::transport [ERROR] nixd err <- "I[10:27:41.486] 53759: <-- shutdown(1)\n"
2024-11-25T10:27:41.486 helix_lsp::transport [ERROR] nixd err <- "I[10:27:41.486] 53759: --> reply:shutdown(1)\n"
2024-11-25T10:27:41.486 helix_lsp::transport [ERROR] nixd err <- "I[10:27:41.486] 53759: <-- exit\n"
2024-11-25T10:27:41.490 helix_lsp::transport [ERROR] nixd err: <- StreamClosed
2024-11-25T10:27:41.518 helix_lsp::transport [ERROR] nixd err <- "I[10:27:41.518] 58456: <-- initialize(0)\n"
2024-11-25T10:27:41.518 helix_lsp::transport [ERROR] nixd err <- "I[10:27:41.518] 58456: --> reply:initialize(0)\n"
2024-11-25T10:27:41.519 helix_lsp::transport [ERROR] nixd err <- "I[10:27:41.519] 58456: --> call window/workDoneProgress/create(1)\n"
2024-11-25T10:27:41.519 helix_lsp::transport [ERROR] nixd err <- "I[10:27:41.519] 58456: --> notify $/progress\n"
2024-11-25T10:27:41.519 helix_lsp::transport [ERROR] nixd err <- "I[10:27:41.519] 58456: --> call attrset/evalExpr(1)\n"
2024-11-25T10:27:41.520 helix_lsp::transport [ERROR] nixd err <- "I[10:27:41.520] 58456: --> call window/workDoneProgress/create(2)\n"
2024-11-25T10:27:41.520 helix_lsp::transport [ERROR] nixd err <- "I[10:27:41.520] 58456: --> notify $/progress\n"
2024-11-25T10:27:41.520 helix_lsp::transport [ERROR] nixd err <- "I[10:27:41.520] 58456: --> call attrset/evalExpr(1)\n"
2024-11-25T10:27:41.520 helix_lsp::transport [ERROR] nixd err <- "I[10:27:41.520] 58456: --> call workspace/configuration(3)\n"
2024-11-25T10:27:41.521 helix_lsp::transport [ERROR] nixd err <- "I[10:27:41.521] 58456: <-- initialized\n"
2024-11-25T10:27:41.521 helix_lsp::transport [ERROR] nixd err <- "I[10:27:41.521] 58456: <-- workspace/didChangeConfiguration\n"
2024-11-25T10:27:41.521 helix_lsp::transport [ERROR] nixd err <- "I[10:27:41.521] 58456: --> call workspace/configuration(4)\n"
2024-11-25T10:27:41.521 helix_lsp::transport [ERROR] nixd err <- "I[10:27:41.521] 58456: <-- textDocument/didOpen\n"
2024-11-25T10:27:41.521 helix_lsp::transport [ERROR] nixd err <- "I[10:27:41.521] 58456: --> notify textDocument/publishDiagnostics\n"
2024-11-25T10:27:41.521 helix_lsp::transport [ERROR] nixd err <- "I[10:27:41.521] 58456: <-- textDocument/didOpen\n"
2024-11-25T10:27:41.521 helix_lsp::transport [ERROR] nixd err <- "I[10:27:41.521] 58456: --> notify textDocument/publishDiagnostics\n"
2024-11-25T10:27:41.521 helix_lsp::transport [ERROR] nixd err <- "I[10:27:41.521] 58456: <-- reply(1)\n"
2024-11-25T10:27:41.521 helix_lsp::transport [ERROR] nixd err <- "I[10:27:41.521] 58456: <-- reply(2)\n"
2024-11-25T10:27:41.521 helix_lsp::transport [ERROR] nixd err <- "I[10:27:41.521] 58456: <-- reply(3)\n"
2024-11-25T10:27:41.522 helix_lsp::transport [ERROR] nixd err <- "I[10:27:41.522] 58456: <-- reply(4)\n"
2024-11-25T10:27:41.523 helix_lsp::transport [ERROR] nixd err <- "I[10:27:41.523] 58456: --> call window/workDoneProgress/create(5)\n"
2024-11-25T10:27:41.523 helix_lsp::transport [ERROR] nixd err <- "I[10:27:41.523] 58456: --> notify $/progress\n"
2024-11-25T10:27:41.523 helix_lsp::transport [ERROR] nixd err <- "I[10:27:41.523] 58456: --> call attrset/evalExpr(1)\n"
2024-11-25T10:27:41.523 helix_lsp::transport [ERROR] nixd err <- "I[10:27:41.523] 58456: --> notify textDocument/publishDiagnostics\n"
2024-11-25T10:27:41.523 helix_lsp::transport [ERROR] nixd err <- "I[10:27:41.523] 58456: --> notify textDocument/publishDiagnostics\n"
2024-11-25T10:27:41.523 helix_lsp::transport [ERROR] nixd err <- "I[10:27:41.523] 58456: --> call window/workDoneProgress/create(6)\n"
2024-11-25T10:27:41.523 helix_lsp::transport [ERROR] nixd err <- "I[10:27:41.523] 58456: --> notify $/progress\n"
2024-11-25T10:27:41.523 helix_lsp::transport [ERROR] nixd err <- "I[10:27:41.523] 58456: --> call attrset/evalExpr(2)\n"
2024-11-25T10:27:41.523 helix_lsp::transport [ERROR] nixd err <- "I[10:27:41.523] 58456: <-- reply(5)\n"
2024-11-25T10:27:41.523 helix_lsp::transport [ERROR] nixd err <- "I[10:27:41.523] 58456: --> notify textDocument/publishDiagnostics\n"
2024-11-25T10:27:41.523 helix_lsp::transport [ERROR] nixd err <- "I[10:27:41.523] 58456: --> notify textDocument/publishDiagnostics\n"
2024-11-25T10:27:41.523 helix_lsp::transport [ERROR] nixd err <- "I[10:27:41.523] 58456: <-- reply(6)\n"
2024-11-25T10:27:41.811 helix_lsp::transport [ERROR] nixd err <- "I[10:27:41.811] 58456: <-- reply(1)\n"
2024-11-25T10:27:41.811 helix_lsp::transport [ERROR] nixd err <- "I[10:27:41.811] 58456: --> notify $/progress\n"
2024-11-25T10:27:42.346 helix_lsp::transport [ERROR] nixd err <- "I[10:27:42.346] 58456: <-- reply(1)\n"
2024-11-25T10:27:42.346 helix_lsp::transport [ERROR] nixd err <- "I[10:27:42.346] 58456: --> notify $/progress\n"
2024-11-25T10:27:42.598 helix_lsp::transport [ERROR] nixd err <- "I[10:27:42.598] 58456: <-- reply(1)\n"
2024-11-25T10:27:42.598 helix_lsp::transport [ERROR] nixd err <- "I[10:27:42.598] 58456: --> notify $/progress\n"
2024-11-25T10:27:43.398 helix_lsp::transport [ERROR] nixd err <- "I[10:27:43.398] 58456: <-- reply(2)\n"
2024-11-25T10:27:43.398 helix_lsp::transport [ERROR] nixd err <- "I[10:27:43.398] 58456: --> notify $/progress\n"
2024-11-25T10:27:45.259 helix_lsp::transport [ERROR] nixd err <- "I[10:27:45.259] 58456: <-- textDocument/didChange\n"
2024-11-25T10:27:45.260 helix_lsp::transport [ERROR] nixd err <- "I[10:27:45.259] 58456: --> notify textDocument/publishDiagnostics\n"
2024-11-25T10:27:45.673 helix_lsp::transport [ERROR] nixd err <- "I[10:27:45.673] 58456: <-- textDocument/didChange\n"
2024-11-25T10:27:45.674 helix_lsp::transport [ERROR] nixd err <- "I[10:27:45.674] 58456: --> notify textDocument/publishDiagnostics\n"
2024-11-25T10:27:45.802 helix_lsp::transport [ERROR] nixd err <- "I[10:27:45.802] 58456: <-- textDocument/didChange\n"
2024-11-25T10:27:45.803 helix_lsp::transport [ERROR] nixd err <- "I[10:27:45.802] 58456: --> notify textDocument/publishDiagnostics\n"
2024-11-25T10:27:45.917 helix_lsp::transport [ERROR] nixd err <- "I[10:27:45.917] 58456: <-- textDocument/didChange\n"
2024-11-25T10:27:45.917 helix_lsp::transport [ERROR] nixd err <- "I[10:27:45.917] 58456: --> notify textDocument/publishDiagnostics\n"
2024-11-25T10:27:46.171 helix_lsp::transport [ERROR] nixd err <- "I[10:27:46.171] 58456: <-- textDocument/completion(1)\n"
2024-11-25T10:27:46.172 helix_lsp::transport [ERROR] nixd err <- "I[10:27:46.172] 58456: --> call attrset/optionComplete(3)\n"
2024-11-25T10:27:46.172 helix_lsp::transport [ERROR] nixd err <- "I[10:27:46.172] 58456: <-- reply(3)\n"
2024-11-25T10:27:46.172 helix_lsp::transport [ERROR] nixd err <- "I[10:27:46.172] 58456: --> call attrset/optionComplete(2)\n"
2024-11-25T10:27:46.172 helix_lsp::transport [ERROR] nixd err <- "I[10:27:46.172] 58456: <-- reply(2)\n"
2024-11-25T10:27:46.172 helix_lsp::transport [ERROR] nixd err <- "I[10:27:46.172] 58456: --> reply:textDocument/completion(1)\n"
2024-11-25T10:27:46.559 helix_lsp::transport [ERROR] nixd err <- "I[10:27:46.559] 58456: <-- textDocument/didChange\n"
2024-11-25T10:27:46.559 helix_lsp::transport [ERROR] nixd err <- "I[10:27:46.559] 58456: --> notify textDocument/publishDiagnostics\n"
2024-11-25T10:27:46.945 helix_lsp::transport [ERROR] nixd err <- "I[10:27:46.945] 58456: <-- textDocument/didChange\n"
2024-11-25T10:27:46.945 helix_lsp::transport [ERROR] nixd err <- "I[10:27:46.945] 58456: --> notify textDocument/publishDiagnostics\n"
2024-11-25T10:27:47.068 helix_lsp::transport [ERROR] nixd err <- "I[10:27:47.068] 58456: <-- textDocument/didChange\n"
2024-11-25T10:27:47.069 helix_lsp::transport [ERROR] nixd err <- "I[10:27:47.069] 58456: --> notify textDocument/publishDiagnostics\n"
2024-11-25T10:27:47.230 helix_lsp::transport [ERROR] nixd err <- "I[10:27:47.230] 58456: <-- textDocument/didChange\n"
2024-11-25T10:27:47.230 helix_lsp::transport [ERROR] nixd err <- "I[10:27:47.230] 58456: --> notify textDocument/publishDiagnostics\n"
2024-11-25T10:27:47.341 helix_lsp::transport [ERROR] nixd err <- "I[10:27:47.341] 58456: <-- textDocument/didChange\n"
2024-11-25T10:27:47.341 helix_lsp::transport [ERROR] nixd err <- "I[10:27:47.341] 58456: --> notify textDocument/publishDiagnostics\n"
2024-11-25T10:27:47.523 helix_lsp::transport [ERROR] nixd err <- "I[10:27:47.523] 58456: <-- textDocument/didChange\n"
2024-11-25T10:27:47.524 helix_lsp::transport [ERROR] nixd err <- "I[10:27:47.524] 58456: --> notify textDocument/publishDiagnostics\n"
2024-11-25T10:27:47.537 helix_lsp::transport [ERROR] nixd err <- "I[10:27:47.537] 58456: <-- textDocument/completion(2)\n"
2024-11-25T10:27:47.538 helix_lsp::transport [ERROR] nixd err <- "I[10:27:47.538] 58456: --> call attrset/optionComplete(4)\n"
2024-11-25T10:27:47.539 helix_lsp::transport [ERROR] nixd err <- "I[10:27:47.538] 58456: <-- reply(4)\n"
2024-11-25T10:27:47.539 helix_lsp::transport [ERROR] nixd err <- "I[10:27:47.539] 58456: --> call attrset/optionComplete(3)\n"
2024-11-25T10:27:47.539 helix_lsp::transport [ERROR] nixd err <- "I[10:27:47.539] 58456: <-- reply(3)\n"
2024-11-25T10:27:47.539 helix_lsp::transport [ERROR] nixd err <- "I[10:27:47.539] 58456: --> reply:textDocument/completion(2)\n"
2024-11-25T10:27:48.333 helix_lsp::transport [ERROR] nixd err <- "I[10:27:48.333] 58456: <-- textDocument/didChange\n"
2024-11-25T10:27:48.334 helix_lsp::transport [ERROR] nixd err <- "I[10:27:48.333] 58456: --> notify textDocument/publishDiagnostics\n"
2024-11-25T10:27:48.428 helix_lsp::transport [ERROR] nixd err <- "I[10:27:48.428] 58456: <-- textDocument/didChange\n"
2024-11-25T10:27:48.429 helix_lsp::transport [ERROR] nixd err <- "I[10:27:48.428] 58456: --> notify textDocument/publishDiagnostics\n"
2024-11-25T10:27:48.575 helix_lsp::transport [ERROR] nixd err <- "I[10:27:48.575] 58456: <-- textDocument/didChange\n"
2024-11-25T10:27:48.575 helix_lsp::transport [ERROR] nixd err <- "I[10:27:48.575] 58456: --> notify textDocument/publishDiagnostics\n"
2024-11-25T10:27:48.743 helix_lsp::transport [ERROR] nixd err <- "I[10:27:48.743] 58456: <-- textDocument/didChange\n"
2024-11-25T10:27:48.743 helix_lsp::transport [ERROR] nixd err <- "I[10:27:48.743] 58456: --> notify textDocument/publishDiagnostics\n"
2024-11-25T10:27:48.995 helix_lsp::transport [ERROR] nixd err <- "I[10:27:48.995] 58456: <-- textDocument/completion(3)\n"
2024-11-25T10:27:48.995 helix_lsp::transport [ERROR] nixd err <- "I[10:27:48.995] 58456: --> call attrset/optionComplete(5)\n"
2024-11-25T10:27:48.995 helix_lsp::transport [ERROR] nixd err <- "I[10:27:48.995] 58456: <-- reply(5)\n"
2024-11-25T10:27:48.995 helix_lsp::transport [ERROR] nixd err <- "I[10:27:48.995] 58456: --> call attrset/optionComplete(4)\n"
2024-11-25T10:27:48.996 helix_lsp::transport [ERROR] nixd err <- "I[10:27:48.996] 58456: <-- reply(4)\n"
2024-11-25T10:27:48.996 helix_lsp::transport [ERROR] nixd err <- "I[10:27:48.996] 58456: --> reply:textDocument/completion(3)\n"
2024-11-25T10:27:49.139 helix_lsp::transport [ERROR] nixd err <- "I[10:27:49.139] 58456: <-- textDocument/didChange\n"
2024-11-25T10:27:49.139 helix_lsp::transport [ERROR] nixd err <- "I[10:27:49.139] 58456: --> notify textDocument/publishDiagnostics\n"
2024-11-25T10:27:49.326 helix_lsp::transport [ERROR] nixd err <- "I[10:27:49.325] 58456: <-- textDocument/didChange\n"
2024-11-25T10:27:49.326 helix_lsp::transport [ERROR] nixd err <- "I[10:27:49.326] 58456: --> notify textDocument/publishDiagnostics\n"
2024-11-25T10:27:49.501 helix_lsp::transport [ERROR] nixd err <- "I[10:27:49.501] 58456: <-- textDocument/didChange\n"
2024-11-25T10:27:49.502 helix_lsp::transport [ERROR] nixd err <- "I[10:27:49.502] 58456: --> notify textDocument/publishDiagnostics\n"
2024-11-25T10:27:49.672 helix_lsp::transport [ERROR] nixd err <- "I[10:27:49.671] 58456: <-- textDocument/didChange\n"
2024-11-25T10:27:49.672 helix_lsp::transport [ERROR] nixd err <- "I[10:27:49.672] 58456: --> notify textDocument/publishDiagnostics\n"
2024-11-25T10:27:50.215 helix_lsp::transport [ERROR] nixd err <- "I[10:27:50.215] 58456: <-- textDocument/didChange\n"
2024-11-25T10:27:50.215 helix_lsp::transport [ERROR] nixd err <- "I[10:27:50.215] 58456: --> notify textDocument/publishDiagnostics\n"
2024-11-25T10:27:50.320 helix_lsp::transport [ERROR] nixd err <- "I[10:27:50.320] 58456: <-- textDocument/didChange\n"
2024-11-25T10:27:50.320 helix_lsp::transport [ERROR] nixd err <- "I[10:27:50.320] 58456: --> notify textDocument/publishDiagnostics\n"
2024-11-25T10:27:50.439 helix_lsp::transport [ERROR] nixd err <- "I[10:27:50.439] 58456: <-- textDocument/didChange\n"
2024-11-25T10:27:50.439 helix_lsp::transport [ERROR] nixd err <- "I[10:27:50.439] 58456: --> notify textDocument/publishDiagnostics\n"
2024-11-25T10:27:50.526 helix_lsp::transport [ERROR] nixd err <- "I[10:27:50.526] 58456: <-- textDocument/didChange\n"
2024-11-25T10:27:50.527 helix_lsp::transport [ERROR] nixd err <- "I[10:27:50.527] 58456: --> notify textDocument/publishDiagnostics\n"
2024-11-25T10:27:50.778 helix_lsp::transport [ERROR] nixd err <- "I[10:27:50.778] 58456: <-- textDocument/completion(4)\n"
2024-11-25T10:27:50.778 helix_lsp::transport [ERROR] nixd err <- "I[10:27:50.778] 58456: --> call attrset/optionComplete(6)\n"
2024-11-25T10:27:50.779 helix_lsp::transport [ERROR] nixd err <- "I[10:27:50.779] 58456: <-- reply(6)\n"
2024-11-25T10:27:50.779 helix_lsp::transport [ERROR] nixd err <- "I[10:27:50.779] 58456: --> call attrset/optionComplete(5)\n"
2024-11-25T10:27:50.779 helix_lsp::transport [ERROR] nixd err <- "I[10:27:50.779] 58456: <-- reply(5)\n"
2024-11-25T10:27:50.779 helix_lsp::transport [ERROR] nixd err <- "I[10:27:50.779] 58456: --> reply:textDocument/completion(4)\n"
2024-11-25T10:27:52.418 helix_lsp::transport [ERROR] nixd err <- "I[10:27:52.418] 58456: <-- completionItem/resolve(5)\n"
2024-11-25T10:27:52.418 helix_lsp::transport [ERROR] nixd err <- "I[10:27:52.418] 58456: --> reply:completionItem/resolve(5)\n"
2024-11-25T10:27:53.566 helix_lsp::transport [ERROR] nixd err <- "I[10:27:53.566] 58456: <-- completionItem/resolve(6)\n"
2024-11-25T10:27:53.566 helix_lsp::transport [ERROR] nixd err <- "I[10:27:53.566] 58456: --> reply:completionItem/resolve(6)\n"
2024-11-25T10:27:54.617 helix_lsp::transport [ERROR] nixd err <- "I[10:27:54.617] 58456: <-- textDocument/didChange\n"
2024-11-25T10:27:54.617 helix_lsp::transport [ERROR] nixd err <- "I[10:27:54.617] 58456: --> notify textDocument/publishDiagnostics\n"
2024-11-25T10:27:54.617 helix_lsp::transport [ERROR] nixd err <- "I[10:27:54.617] 58456: <-- textDocument/didChange\n"
2024-11-25T10:27:54.617 helix_lsp::transport [ERROR] nixd err <- "I[10:27:54.617] 58456: --> notify textDocument/publishDiagnostics\n"
2024-11-25T10:27:54.985 helix_lsp::transport [ERROR] nixd err <- "I[10:27:54.985] 58456: <-- textDocument/didChange\n"
2024-11-25T10:27:54.986 helix_lsp::transport [ERROR] nixd err <- "I[10:27:54.986] 58456: --> notify textDocument/publishDiagnostics\n"
2024-11-25T10:27:55.600 helix_lsp::transport [ERROR] nixd err <- "I[10:27:55.600] 58456: <-- textDocument/didChange\n"
2024-11-25T10:27:55.600 helix_lsp::transport [ERROR] nixd err <- "I[10:27:55.600] 58456: --> notify textDocument/publishDiagnostics\n"
2024-11-25T10:28:08.341 helix_lsp::transport [ERROR] nixd err <- "I[10:28:08.341] 58456: <-- textDocument/didChange\n"
2024-11-25T10:28:08.342 helix_lsp::transport [ERROR] nixd err <- "I[10:28:08.342] 58456: --> notify textDocument/publishDiagnostics\n"
2024-11-25T10:28:08.942 helix_lsp::transport [ERROR] nixd err <- "I[10:28:08.942] 58456: <-- textDocument/didChange\n"
2024-11-25T10:28:08.942 helix_lsp::transport [ERROR] nixd err <- "I[10:28:08.942] 58456: --> notify textDocument/publishDiagnostics\n"
2024-11-25T10:28:08.983 helix_lsp::transport [ERROR] nixd err <- "I[10:28:08.983] 58456: <-- textDocument/didChange\n"
2024-11-25T10:28:08.983 helix_lsp::transport [ERROR] nixd err <- "I[10:28:08.983] 58456: --> notify textDocument/publishDiagnostics\n"
2024-11-25T10:28:09.023 helix_lsp::transport [ERROR] nixd err <- "I[10:28:09.023] 58456: <-- textDocument/didChange\n"
2024-11-25T10:28:09.023 helix_lsp::transport [ERROR] nixd err <- "I[10:28:09.023] 58456: --> notify textDocument/publishDiagnostics\n"
2024-11-25T10:28:09.063 helix_lsp::transport [ERROR] nixd err <- "I[10:28:09.063] 58456: <-- textDocument/didChange\n"
2024-11-25T10:28:09.063 helix_lsp::transport [ERROR] nixd err <- "I[10:28:09.063] 58456: --> notify textDocument/publishDiagnostics\n"
2024-11-25T10:28:09.103 helix_lsp::transport [ERROR] nixd err <- "I[10:28:09.103] 58456: <-- textDocument/didChange\n"
2024-11-25T10:28:09.103 helix_lsp::transport [ERROR] nixd err <- "I[10:28:09.103] 58456: --> notify textDocument/publishDiagnostics\n"
2024-11-25T10:28:09.144 helix_lsp::transport [ERROR] nixd err <- "I[10:28:09.144] 58456: <-- textDocument/didChange\n"
2024-11-25T10:28:09.144 helix_lsp::transport [ERROR] nixd err <- "I[10:28:09.144] 58456: --> notify textDocument/publishDiagnostics\n"
2024-11-25T10:28:09.184 helix_lsp::transport [ERROR] nixd err <- "I[10:28:09.184] 58456: <-- textDocument/didChange\n"
2024-11-25T10:28:09.184 helix_lsp::transport [ERROR] nixd err <- "I[10:28:09.184] 58456: --> notify textDocument/publishDiagnostics\n"
2024-11-25T10:28:09.225 helix_lsp::transport [ERROR] nixd err <- "I[10:28:09.225] 58456: <-- textDocument/didChange\n"
2024-11-25T10:28:09.225 helix_lsp::transport [ERROR] nixd err <- "I[10:28:09.225] 58456: --> notify textDocument/publishDiagnostics\n"
2024-11-25T10:28:09.265 helix_lsp::transport [ERROR] nixd err <- "I[10:28:09.265] 58456: <-- textDocument/didChange\n"
2024-11-25T10:28:09.265 helix_lsp::transport [ERROR] nixd err <- "I[10:28:09.265] 58456: --> notify textDocument/publishDiagnostics\n"
2024-11-25T10:28:09.304 helix_lsp::transport [ERROR] nixd err <- "I[10:28:09.304] 58456: <-- textDocument/didChange\n"
2024-11-25T10:28:09.305 helix_lsp::transport [ERROR] nixd err <- "I[10:28:09.305] 58456: --> notify textDocument/publishDiagnostics\n"
2024-11-25T10:28:09.346 helix_lsp::transport [ERROR] nixd err <- "I[10:28:09.346] 58456: <-- textDocument/didChange\n"
2024-11-25T10:28:09.346 helix_lsp::transport [ERROR] nixd err <- "I[10:28:09.346] 58456: --> notify textDocument/publishDiagnostics\n"
2024-11-25T10:28:09.386 helix_lsp::transport [ERROR] nixd err <- "I[10:28:09.386] 58456: <-- textDocument/didChange\n"
2024-11-25T10:28:09.386 helix_lsp::transport [ERROR] nixd err <- "I[10:28:09.386] 58456: --> notify textDocument/publishDiagnostics\n"
2024-11-25T10:28:09.426 helix_lsp::transport [ERROR] nixd err <- "I[10:28:09.426] 58456: <-- textDocument/didChange\n"
2024-11-25T10:28:09.426 helix_lsp::transport [ERROR] nixd err <- "I[10:28:09.426] 58456: --> notify textDocument/publishDiagnostics\n"
2024-11-25T10:28:09.466 helix_lsp::transport [ERROR] nixd err <- "I[10:28:09.466] 58456: <-- textDocument/didChange\n"
2024-11-25T10:28:09.466 helix_lsp::transport [ERROR] nixd err <- "I[10:28:09.466] 58456: --> notify textDocument/publishDiagnostics\n"
2024-11-25T10:28:09.507 helix_lsp::transport [ERROR] nixd err <- "I[10:28:09.507] 58456: <-- textDocument/didChange\n"
2024-11-25T10:28:09.507 helix_lsp::transport [ERROR] nixd err <- "I[10:28:09.507] 58456: --> notify textDocument/publishDiagnostics\n"
2024-11-25T10:28:09.706 helix_lsp::transport [ERROR] nixd err <- "I[10:28:09.706] 58456: <-- textDocument/didChange\n"
2024-11-25T10:28:09.706 helix_lsp::transport [ERROR] nixd err <- "I[10:28:09.706] 58456: --> notify textDocument/publishDiagnostics\n"
2024-11-25T10:28:09.904 helix_lsp::transport [ERROR] nixd err <- "I[10:28:09.904] 58456: <-- textDocument/didChange\n"
2024-11-25T10:28:09.904 helix_lsp::transport [ERROR] nixd err <- "I[10:28:09.904] 58456: --> notify textDocument/publishDiagnostics\n"
2024-11-25T10:28:10.212 helix_lsp::transport [ERROR] nixd err <- "I[10:28:10.212] 58456: <-- textDocument/didChange\n"
2024-11-25T10:28:10.212 helix_lsp::transport [ERROR] nixd err <- "I[10:28:10.212] 58456: --> notify textDocument/publishDiagnostics\n"
2024-11-25T10:28:10.518 helix_lsp::transport [ERROR] nixd err <- "I[10:28:10.517] 58456: <-- textDocument/didChange\n"
2024-11-25T10:28:10.518 helix_lsp::transport [ERROR] nixd err <- "I[10:28:10.518] 58456: --> notify textDocument/publishDiagnostics\n"
2024-11-25T10:28:10.680 helix_lsp::transport [ERROR] nixd err <- "I[10:28:10.680] 58456: <-- textDocument/didChange\n"
2024-11-25T10:28:10.681 helix_lsp::transport [ERROR] nixd err <- "I[10:28:10.681] 58456: --> notify textDocument/publishDiagnostics\n"
2024-11-25T10:28:10.923 helix_lsp::transport [ERROR] nixd err <- "I[10:28:10.923] 58456: <-- textDocument/didChange\n"
2024-11-25T10:28:10.924 helix_lsp::transport [ERROR] nixd err <- "I[10:28:10.924] 58456: --> notify textDocument/publishDiagnostics\n"
2024-11-25T10:28:11.043 helix_lsp::transport [ERROR] nixd err <- "I[10:28:11.043] 58456: <-- textDocument/didChange\n"
2024-11-25T10:28:11.043 helix_lsp::transport [ERROR] nixd err <- "I[10:28:11.043] 58456: --> notify textDocument/publishDiagnostics\n"
2024-11-25T10:28:11.295 helix_lsp::transport [ERROR] nixd err <- "I[10:28:11.295] 58456: <-- textDocument/completion(7)\n"
2024-11-25T10:28:11.295 helix_lsp::transport [ERROR] nixd err <- "I[10:28:11.295] 58456: --> call attrset/optionComplete(7)\n"
2024-11-25T10:28:11.296 helix_lsp::transport [ERROR] nixd err <- "I[10:28:11.295] 58456: <-- reply(7)\n"
2024-11-25T10:28:11.296 helix_lsp::transport [ERROR] nixd err <- "I[10:28:11.296] 58456: --> call attrset/optionComplete(6)\n"
2024-11-25T10:28:11.296 helix_lsp::transport [ERROR] nixd err <- "I[10:28:11.296] 58456: <-- reply(6)\n"
2024-11-25T10:28:11.296 helix_lsp::transport [ERROR] nixd err <- "I[10:28:11.296] 58456: --> reply:textDocument/completion(7)\n"
2024-11-25T10:28:11.820 helix_lsp::transport [ERROR] nixd err <- "I[10:28:11.820] 58456: <-- textDocument/didChange\n"
2024-11-25T10:28:11.820 helix_lsp::transport [ERROR] nixd err <- "I[10:28:11.820] 58456: --> notify textDocument/publishDiagnostics\n"
2024-11-25T10:28:11.888 helix_lsp::transport [ERROR] nixd err <- "I[10:28:11.888] 58456: <-- textDocument/didChange\n"
2024-11-25T10:28:11.888 helix_lsp::transport [ERROR] nixd err <- "I[10:28:11.888] 58456: --> notify textDocument/publishDiagnostics\n"
2024-11-25T10:28:12.139 helix_lsp::transport [ERROR] nixd err <- "I[10:28:12.139] 58456: <-- textDocument/completion(8)\n"
2024-11-25T10:28:12.140 helix_lsp::transport [ERROR] nixd err <- "I[10:28:12.139] 58456: --> call attrset/optionComplete(8)\n"
2024-11-25T10:28:12.140 helix_lsp::transport [ERROR] nixd err <- "I[10:28:12.140] 58456: <-- reply(8)\n"
2024-11-25T10:28:12.140 helix_lsp::transport [ERROR] nixd err <- "I[10:28:12.140] 58456: --> call attrset/optionComplete(7)\n"
2024-11-25T10:28:12.140 helix_lsp::transport [ERROR] nixd err <- "I[10:28:12.140] 58456: <-- reply(7)\n"
2024-11-25T10:28:12.140 helix_lsp::transport [ERROR] nixd err <- "I[10:28:12.140] 58456: --> reply:textDocument/completion(8)\n"
2024-11-25T10:28:15.702 helix_lsp::transport [ERROR] nixd err <- "I[10:28:15.702] 58456: <-- textDocument/didChange\n"
2024-11-25T10:28:15.703 helix_lsp::transport [ERROR] nixd err <- "I[10:28:15.703] 58456: --> notify textDocument/publishDiagnostics\n"
2024-11-25T10:28:16.458 helix_lsp::transport [ERROR] nixd err <- "I[10:28:16.458] 58456: <-- textDocument/didChange\n"
2024-11-25T10:28:16.459 helix_lsp::transport [ERROR] nixd err <- "I[10:28:16.458] 58456: --> notify textDocument/publishDiagnostics\n"
2024-11-25T10:28:19.225 helix_lsp::transport [ERROR] nixd err <- "I[10:28:19.225] 58456: <-- shutdown(9)\n"
2024-11-25T10:28:19.225 helix_lsp::transport [ERROR] nixd err <- "I[10:28:19.225] 58456: --> reply:shutdown(9)\n"
2024-11-25T10:28:19.226 helix_lsp::transport [ERROR] nixd err <- "I[10:28:19.226] 58456: <-- exit\n"
2024-11-25T10:28:19.229 helix_lsp::transport [ERROR] nixd err: <- StreamClosed
2024-11-25T10:28:19.258 helix_lsp::transport [ERROR] nixd err <- "I[10:28:19.258] 63119: <-- initialize(0)\n"
2024-11-25T10:28:19.258 helix_lsp::transport [ERROR] nixd err <- "I[10:28:19.258] 63119: --> reply:initialize(0)\n"
2024-11-25T10:28:19.260 helix_lsp::transport [ERROR] nixd err <- "I[10:28:19.260] 63119: --> call window/workDoneProgress/create(1)\n"
2024-11-25T10:28:19.260 helix_lsp::transport [ERROR] nixd err <- "I[10:28:19.260] 63119: --> notify $/progress\n"
2024-11-25T10:28:19.260 helix_lsp::transport [ERROR] nixd err <- "I[10:28:19.260] 63119: --> call attrset/evalExpr(1)\n"
2024-11-25T10:28:19.261 helix_lsp::transport [ERROR] nixd err <- "I[10:28:19.261] 63119: --> call window/workDoneProgress/create(2)\n"
2024-11-25T10:28:19.261 helix_lsp::transport [ERROR] nixd err <- "I[10:28:19.261] 63119: --> notify $/progress\n"
2024-11-25T10:28:19.261 helix_lsp::transport [ERROR] nixd err <- "I[10:28:19.261] 63119: --> call attrset/evalExpr(1)\n"
2024-11-25T10:28:19.261 helix_lsp::transport [ERROR] nixd err <- "I[10:28:19.261] 63119: --> call workspace/configuration(3)\n"
2024-11-25T10:28:19.261 helix_lsp::transport [ERROR] nixd err <- "I[10:28:19.261] 63119: <-- initialized\n"
2024-11-25T10:28:19.261 helix_lsp::transport [ERROR] nixd err <- "I[10:28:19.261] 63119: <-- workspace/didChangeConfiguration\n"
2024-11-25T10:28:19.261 helix_lsp::transport [ERROR] nixd err <- "I[10:28:19.261] 63119: --> call workspace/configuration(4)\n"
2024-11-25T10:28:19.261 helix_lsp::transport [ERROR] nixd err <- "I[10:28:19.261] 63119: <-- textDocument/didOpen\n"
2024-11-25T10:28:19.262 helix_lsp::transport [ERROR] nixd err <- "I[10:28:19.262] 63119: --> notify textDocument/publishDiagnostics\n"
2024-11-25T10:28:19.262 helix_lsp::transport [ERROR] nixd err <- "I[10:28:19.262] 63119: <-- textDocument/didOpen\n"
2024-11-25T10:28:19.262 helix_lsp::transport [ERROR] nixd err <- "I[10:28:19.262] 63119: --> notify textDocument/publishDiagnostics\n"
2024-11-25T10:28:19.262 helix_lsp::transport [ERROR] nixd err <- "I[10:28:19.262] 63119: <-- reply(1)\n"
2024-11-25T10:28:19.262 helix_lsp::transport [ERROR] nixd err <- "I[10:28:19.262] 63119: <-- reply(2)\n"
2024-11-25T10:28:19.262 helix_lsp::transport [ERROR] nixd err <- "I[10:28:19.262] 63119: <-- reply(3)\n"
2024-11-25T10:28:19.262 helix_lsp::transport [ERROR] nixd err <- "I[10:28:19.262] 63119: <-- reply(4)\n"
2024-11-25T10:28:19.264 helix_lsp::transport [ERROR] nixd err <- "I[10:28:19.264] 63119: --> call window/workDoneProgress/create(5)\n"
2024-11-25T10:28:19.264 helix_lsp::transport [ERROR] nixd err <- "I[10:28:19.264] 63119: --> notify $/progress\n"
2024-11-25T10:28:19.264 helix_lsp::transport [ERROR] nixd err <- "I[10:28:19.264] 63119: --> call attrset/evalExpr(1)\n"
2024-11-25T10:28:19.264 helix_lsp::transport [ERROR] nixd err <- "I[10:28:19.264] 63119: --> notify textDocument/publishDiagnostics\n"
2024-11-25T10:28:19.264 helix_lsp::transport [ERROR] nixd err <- "I[10:28:19.264] 63119: --> notify textDocument/publishDiagnostics\n"
2024-11-25T10:28:19.264 helix_lsp::transport [ERROR] nixd err <- "I[10:28:19.264] 63119: --> call window/workDoneProgress/create(6)\n"
2024-11-25T10:28:19.264 helix_lsp::transport [ERROR] nixd err <- "I[10:28:19.264] 63119: --> notify $/progress\n"
2024-11-25T10:28:19.264 helix_lsp::transport [ERROR] nixd err <- "I[10:28:19.264] 63119: --> call attrset/evalExpr(2)\n"
2024-11-25T10:28:19.264 helix_lsp::transport [ERROR] nixd err <- "I[10:28:19.264] 63119: --> notify textDocument/publishDiagnostics\n"
2024-11-25T10:28:19.264 helix_lsp::transport [ERROR] nixd err <- "I[10:28:19.264] 63119: --> notify textDocument/publishDiagnostics\n"
2024-11-25T10:28:19.265 helix_lsp::transport [ERROR] nixd err <- "I[10:28:19.265] 63119: <-- reply(5)\n"
2024-11-25T10:28:19.265 helix_lsp::transport [ERROR] nixd err <- "I[10:28:19.265] 63119: <-- reply(6)\n"
2024-11-25T10:28:19.549 helix_lsp::transport [ERROR] nixd err <- "I[10:28:19.549] 63119: <-- reply(1)\n"
2024-11-25T10:28:19.549 helix_lsp::transport [ERROR] nixd err <- "I[10:28:19.549] 63119: --> notify $/progress\n"
2024-11-25T10:28:20.086 helix_lsp::transport [ERROR] nixd err <- "I[10:28:20.086] 63119: <-- reply(1)\n"
2024-11-25T10:28:20.086 helix_lsp::transport [ERROR] nixd err <- "I[10:28:20.086] 63119: --> notify $/progress\n"
2024-11-25T10:28:20.366 helix_lsp::transport [ERROR] nixd err <- "I[10:28:20.366] 63119: <-- reply(1)\n"
2024-11-25T10:28:20.366 helix_lsp::transport [ERROR] nixd err <- "I[10:28:20.366] 63119: --> notify $/progress\n"
2024-11-25T10:28:20.841 helix_lsp::transport [ERROR] nixd err <- "I[10:28:20.841] 63119: <-- textDocument/didChange\n"
2024-11-25T10:28:20.842 helix_lsp::transport [ERROR] nixd err <- "I[10:28:20.841] 63119: --> notify textDocument/publishDiagnostics\n"
2024-11-25T10:28:21.150 helix_lsp::transport [ERROR] nixd err <- "I[10:28:21.150] 63119: <-- reply(2)\n"
2024-11-25T10:28:21.150 helix_lsp::transport [ERROR] nixd err <- "I[10:28:21.150] 63119: --> notify $/progress\n"
2024-11-25T10:28:21.384 helix_lsp::transport [ERROR] nixd err <- "I[10:28:21.384] 63119: <-- textDocument/didChange\n"
2024-11-25T10:28:21.384 helix_lsp::transport [ERROR] nixd err <- "I[10:28:21.384] 63119: --> notify textDocument/publishDiagnostics\n"
2024-11-25T10:28:21.447 helix_lsp::transport [ERROR] nixd err <- "I[10:28:21.446] 63119: <-- textDocument/didChange\n"
2024-11-25T10:28:21.447 helix_lsp::transport [ERROR] nixd err <- "I[10:28:21.447] 63119: --> notify textDocument/publishDiagnostics\n"
2024-11-25T10:28:21.628 helix_lsp::transport [ERROR] nixd err <- "I[10:28:21.628] 63119: <-- textDocument/didChange\n"
2024-11-25T10:28:21.628 helix_lsp::transport [ERROR] nixd err <- "I[10:28:21.628] 63119: --> notify textDocument/publishDiagnostics\n"
2024-11-25T10:28:21.879 helix_lsp::transport [ERROR] nixd err <- "I[10:28:21.879] 63119: <-- textDocument/completion(1)\n"
2024-11-25T10:28:21.880 helix_lsp::transport [ERROR] nixd err <- "I[10:28:21.880] 63119: --> call attrset/optionComplete(3)\n"
2024-11-25T10:28:21.880 helix_lsp::transport [ERROR] nixd err <- "I[10:28:21.880] 63119: <-- reply(3)\n"
2024-11-25T10:28:21.880 helix_lsp::transport [ERROR] nixd err <- "I[10:28:21.880] 63119: --> call attrset/optionComplete(2)\n"
2024-11-25T10:28:21.880 helix_lsp::transport [ERROR] nixd err <- "I[10:28:21.880] 63119: <-- reply(2)\n"
2024-11-25T10:28:21.881 helix_lsp::transport [ERROR] nixd err <- "I[10:28:21.880] 63119: --> reply:textDocument/completion(1)\n"
2024-11-25T10:28:22.248 helix_lsp::transport [ERROR] nixd err <- "I[10:28:22.248] 63119: <-- textDocument/didChange\n"
2024-11-25T10:28:22.249 helix_lsp::transport [ERROR] nixd err <- "I[10:28:22.249] 63119: --> notify textDocument/publishDiagnostics\n"
2024-11-25T10:28:22.390 helix_lsp::transport [ERROR] nixd err <- "I[10:28:22.389] 63119: <-- textDocument/didChange\n"
2024-11-25T10:28:22.390 helix_lsp::transport [ERROR] nixd err <- "I[10:28:22.390] 63119: --> notify textDocument/publishDiagnostics\n"
2024-11-25T10:28:22.485 helix_lsp::transport [ERROR] nixd err <- "I[10:28:22.485] 63119: <-- textDocument/didChange\n"
2024-11-25T10:28:22.485 helix_lsp::transport [ERROR] nixd err <- "I[10:28:22.485] 63119: --> notify textDocument/publishDiagnostics\n"
2024-11-25T10:28:22.736 helix_lsp::transport [ERROR] nixd err <- "I[10:28:22.736] 63119: <-- textDocument/completion(2)\n"
2024-11-25T10:28:22.736 helix_lsp::transport [ERROR] nixd err <- "I[10:28:22.736] 63119: --> call attrset/optionComplete(4)\n"
2024-11-25T10:28:22.737 helix_lsp::transport [ERROR] nixd err <- "I[10:28:22.737] 63119: <-- reply(4)\n"
2024-11-25T10:28:22.737 helix_lsp::transport [ERROR] nixd err <- "I[10:28:22.737] 63119: --> call attrset/optionComplete(3)\n"
2024-11-25T10:28:22.737 helix_lsp::transport [ERROR] nixd err <- "I[10:28:22.737] 63119: <-- reply(3)\n"
2024-11-25T10:28:22.737 helix_lsp::transport [ERROR] nixd err <- "I[10:28:22.737] 63119: --> reply:textDocument/completion(2)\n"
2024-11-25T10:28:22.837 helix_lsp::transport [ERROR] nixd err <- "I[10:28:22.837] 63119: <-- textDocument/didChange\n"
2024-11-25T10:28:22.837 helix_lsp::transport [ERROR] nixd err <- "I[10:28:22.837] 63119: --> notify textDocument/publishDiagnostics\n"
2024-11-25T10:28:23.089 helix_lsp::transport [ERROR] nixd err <- "I[10:28:23.089] 63119: <-- textDocument/completion(3)\n"
2024-11-25T10:28:23.089 helix_lsp::transport [ERROR] nixd err <- "I[10:28:23.089] 63119: --> call attrset/optionComplete(5)\n"
2024-11-25T10:28:23.089 helix_lsp::transport [ERROR] nixd err <- "I[10:28:23.089] 63119: <-- reply(5)\n"
2024-11-25T10:28:23.089 helix_lsp::transport [ERROR] nixd err <- "I[10:28:23.089] 63119: --> call attrset/optionComplete(4)\n"
2024-11-25T10:28:23.090 helix_lsp::transport [ERROR] nixd err <- "I[10:28:23.090] 63119: <-- reply(4)\n"
2024-11-25T10:28:23.090 helix_lsp::transport [ERROR] nixd err <- "I[10:28:23.090] 63119: --> reply:textDocument/completion(3)\n"
2024-11-25T10:28:23.247 helix_lsp::transport [ERROR] nixd err <- "I[10:28:23.247] 63119: <-- textDocument/didChange\n"
2024-11-25T10:28:23.247 helix_lsp::transport [ERROR] nixd err <- "I[10:28:23.247] 63119: --> notify textDocument/publishDiagnostics\n"
2024-11-25T10:28:23.965 helix_lsp::transport [ERROR] nixd err <- "I[10:28:23.965] 63119: <-- textDocument/didChange\n"
2024-11-25T10:28:23.965 helix_lsp::transport [ERROR] nixd err <- "I[10:28:23.965] 63119: --> notify textDocument/publishDiagnostics\n"
2024-11-25T10:28:24.217 helix_lsp::transport [ERROR] nixd err <- "I[10:28:24.217] 63119: <-- textDocument/completion(4)\n"
2024-11-25T10:28:24.217 helix_lsp::transport [ERROR] nixd err <- "I[10:28:24.217] 63119: --> call attrset/optionComplete(6)\n"
2024-11-25T10:28:24.218 helix_lsp::transport [ERROR] nixd err <- "I[10:28:24.218] 63119: <-- reply(6)\n"
2024-11-25T10:28:24.218 helix_lsp::transport [ERROR] nixd err <- "I[10:28:24.218] 63119: --> call attrset/optionComplete(5)\n"
2024-11-25T10:28:24.218 helix_lsp::transport [ERROR] nixd err <- "I[10:28:24.218] 63119: <-- reply(5)\n"
2024-11-25T10:28:24.218 helix_lsp::transport [ERROR] nixd err <- "I[10:28:24.218] 63119: --> reply:textDocument/completion(4)\n"
2024-11-25T10:28:24.754 helix_lsp::transport [ERROR] nixd err <- "I[10:28:24.754] 63119: <-- textDocument/didChange\n"
2024-11-25T10:28:24.754 helix_lsp::transport [ERROR] nixd err <- "I[10:28:24.754] 63119: --> notify textDocument/publishDiagnostics\n"
2024-11-25T10:28:24.949 helix_lsp::transport [ERROR] nixd err <- "I[10:28:24.949] 63119: <-- textDocument/didChange\n"
2024-11-25T10:28:24.949 helix_lsp::transport [ERROR] nixd err <- "I[10:28:24.949] 63119: --> notify textDocument/publishDiagnostics\n"
2024-11-25T10:28:24.981 helix_lsp::transport [ERROR] nixd err <- "I[10:28:24.981] 63119: <-- textDocument/didChange\n"
2024-11-25T10:28:24.981 helix_lsp::transport [ERROR] nixd err <- "I[10:28:24.981] 63119: --> notify textDocument/publishDiagnostics\n"
2024-11-25T10:28:25.214 helix_lsp::transport [ERROR] nixd err <- "I[10:28:25.214] 63119: <-- textDocument/didChange\n"
2024-11-25T10:28:25.214 helix_lsp::transport [ERROR] nixd err <- "I[10:28:25.214] 63119: --> notify textDocument/publishDiagnostics\n"
2024-11-25T10:28:25.432 helix_lsp::transport [ERROR] nixd err <- "I[10:28:25.432] 63119: <-- textDocument/didChange\n"
2024-11-25T10:28:25.432 helix_lsp::transport [ERROR] nixd err <- "I[10:28:25.432] 63119: --> notify textDocument/publishDiagnostics\n"
2024-11-25T10:28:25.530 helix_lsp::transport [ERROR] nixd err <- "I[10:28:25.530] 63119: <-- textDocument/didChange\n"
2024-11-25T10:28:25.530 helix_lsp::transport [ERROR] nixd err <- "I[10:28:25.530] 63119: --> notify textDocument/publishDiagnostics\n"
2024-11-25T10:28:25.696 helix_lsp::transport [ERROR] nixd err <- "I[10:28:25.696] 63119: <-- textDocument/didChange\n"
2024-11-25T10:28:25.696 helix_lsp::transport [ERROR] nixd err <- "I[10:28:25.696] 63119: --> notify textDocument/publishDiagnostics\n"
2024-11-25T10:28:25.710 helix_lsp::transport [ERROR] nixd err <- "I[10:28:25.710] 63119: <-- textDocument/completion(5)\n"
2024-11-25T10:28:25.710 helix_lsp::transport [ERROR] nixd err <- "I[10:28:25.710] 63119: --> call attrset/optionComplete(7)\n"
2024-11-25T10:28:25.711 helix_lsp::transport [ERROR] nixd err <- "I[10:28:25.711] 63119: <-- reply(7)\n"
2024-11-25T10:28:25.711 helix_lsp::transport [ERROR] nixd err <- "E[10:28:25.711] 63119: option worker reported: -32001: attrname windowManager not found in attrset\n"
2024-11-25T10:28:25.711 helix_lsp::transport [ERROR] nixd err <- "I[10:28:25.711] 63119: --> call attrset/optionComplete(6)\n"
2024-11-25T10:28:25.711 helix_lsp::transport [ERROR] nixd err <- "I[10:28:25.711] 63119: <-- reply(6)\n"
2024-11-25T10:28:25.711 helix_lsp::transport [ERROR] nixd err <- "E[10:28:25.711] 63119: option worker reported: -32001: attrname windowManager not found in attrset\n"
2024-11-25T10:28:25.711 helix_lsp::transport [ERROR] nixd err <- "I[10:28:25.711] 63119: --> reply:textDocument/completion(5)\n"
2024-11-25T10:28:26.526 helix_lsp::transport [ERROR] nixd err <- "I[10:28:26.526] 63119: <-- textDocument/didChange\n"
2024-11-25T10:28:26.527 helix_lsp::transport [ERROR] nixd err <- "I[10:28:26.527] 63119: --> notify textDocument/publishDiagnostics\n"
2024-11-25T10:28:26.927 helix_lsp::transport [ERROR] nixd err <- "I[10:28:26.927] 63119: <-- textDocument/didChange\n"
2024-11-25T10:28:26.927 helix_lsp::transport [ERROR] nixd err <- "I[10:28:26.927] 63119: --> notify textDocument/publishDiagnostics\n"
2024-11-25T10:28:27.208 helix_lsp::transport [ERROR] nixd err <- "I[10:28:27.208] 63119: <-- textDocument/didChange\n"
2024-11-25T10:28:27.208 helix_lsp::transport [ERROR] nixd err <- "I[10:28:27.208] 63119: --> notify textDocument/publishDiagnostics\n"
2024-11-25T10:28:27.425 helix_lsp::transport [ERROR] nixd err <- "I[10:28:27.425] 63119: <-- textDocument/didChange\n"
2024-11-25T10:28:27.426 helix_lsp::transport [ERROR] nixd err <- "I[10:28:27.426] 63119: --> notify textDocument/publishDiagnostics\n"
2024-11-25T10:28:27.677 helix_lsp::transport [ERROR] nixd err <- "I[10:28:27.677] 63119: <-- textDocument/completion(6)\n"
2024-11-25T10:28:27.677 helix_lsp::transport [ERROR] nixd err <- "I[10:28:27.677] 63119: --> call attrset/optionComplete(8)\n"
2024-11-25T10:28:27.678 helix_lsp::transport [ERROR] nixd err <- "I[10:28:27.678] 63119: <-- reply(8)\n"
2024-11-25T10:28:27.678 helix_lsp::transport [ERROR] nixd err <- "E[10:28:27.678] 63119: option worker reported: -32001: attrname windowManager not found in attrset\n"
2024-11-25T10:28:27.678 helix_lsp::transport [ERROR] nixd err <- "I[10:28:27.678] 63119: --> call attrset/optionComplete(7)\n"
2024-11-25T10:28:27.678 helix_lsp::transport [ERROR] nixd err <- "I[10:28:27.678] 63119: <-- reply(7)\n"
2024-11-25T10:28:27.678 helix_lsp::transport [ERROR] nixd err <- "E[10:28:27.678] 63119: option worker reported: -32001: attrname windowManager not found in attrset\n"
2024-11-25T10:28:27.678 helix_lsp::transport [ERROR] nixd err <- "I[10:28:27.678] 63119: --> reply:textDocument/completion(6)\n"
2024-11-25T10:28:28.436 helix_lsp::transport [ERROR] nixd err <- "I[10:28:28.436] 63119: <-- textDocument/didChange\n"
2024-11-25T10:28:28.437 helix_lsp::transport [ERROR] nixd err <- "I[10:28:28.437] 63119: --> notify textDocument/publishDiagnostics\n"
2024-11-25T10:28:29.037 helix_lsp::transport [ERROR] nixd err <- "I[10:28:29.037] 63119: <-- textDocument/didChange\n"
2024-11-25T10:28:29.037 helix_lsp::transport [ERROR] nixd err <- "I[10:28:29.037] 63119: --> notify textDocument/publishDiagnostics\n"
2024-11-25T10:28:29.078 helix_lsp::transport [ERROR] nixd err <- "I[10:28:29.078] 63119: <-- textDocument/didChange\n"
2024-11-25T10:28:29.078 helix_lsp::transport [ERROR] nixd err <- "I[10:28:29.078] 63119: --> notify textDocument/publishDiagnostics\n"
2024-11-25T10:28:29.118 helix_lsp::transport [ERROR] nixd err <- "I[10:28:29.118] 63119: <-- textDocument/didChange\n"
2024-11-25T10:28:29.118 helix_lsp::transport [ERROR] nixd err <- "I[10:28:29.118] 63119: --> notify textDocument/publishDiagnostics\n"
2024-11-25T10:28:29.158 helix_lsp::transport [ERROR] nixd err <- "I[10:28:29.158] 63119: <-- textDocument/didChange\n"
2024-11-25T10:28:29.159 helix_lsp::transport [ERROR] nixd err <- "I[10:28:29.159] 63119: --> notify textDocument/publishDiagnostics\n"
2024-11-25T10:28:29.198 helix_lsp::transport [ERROR] nixd err <- "I[10:28:29.198] 63119: <-- textDocument/didChange\n"
2024-11-25T10:28:29.198 helix_lsp::transport [ERROR] nixd err <- "I[10:28:29.198] 63119: --> notify textDocument/publishDiagnostics\n"
2024-11-25T10:28:29.240 helix_lsp::transport [ERROR] nixd err <- "I[10:28:29.240] 63119: <-- textDocument/didChange\n"
2024-11-25T10:28:29.240 helix_lsp::transport [ERROR] nixd err <- "I[10:28:29.240] 63119: --> notify textDocument/publishDiagnostics\n"
2024-11-25T10:28:29.280 helix_lsp::transport [ERROR] nixd err <- "I[10:28:29.280] 63119: <-- textDocument/didChange\n"
2024-11-25T10:28:29.280 helix_lsp::transport [ERROR] nixd err <- "I[10:28:29.280] 63119: --> notify textDocument/publishDiagnostics\n"
2024-11-25T10:28:29.320 helix_lsp::transport [ERROR] nixd err <- "I[10:28:29.320] 63119: <-- textDocument/didChange\n"
2024-11-25T10:28:29.320 helix_lsp::transport [ERROR] nixd err <- "I[10:28:29.320] 63119: --> notify textDocument/publishDiagnostics\n"
2024-11-25T10:28:29.360 helix_lsp::transport [ERROR] nixd err <- "I[10:28:29.360] 63119: <-- textDocument/didChange\n"
2024-11-25T10:28:29.361 helix_lsp::transport [ERROR] nixd err <- "I[10:28:29.360] 63119: --> notify textDocument/publishDiagnostics\n"
2024-11-25T10:28:29.400 helix_lsp::transport [ERROR] nixd err <- "I[10:28:29.400] 63119: <-- textDocument/didChange\n"
2024-11-25T10:28:29.401 helix_lsp::transport [ERROR] nixd err <- "I[10:28:29.401] 63119: --> notify textDocument/publishDiagnostics\n"
2024-11-25T10:28:29.441 helix_lsp::transport [ERROR] nixd err <- "I[10:28:29.441] 63119: <-- textDocument/didChange\n"
2024-11-25T10:28:29.441 helix_lsp::transport [ERROR] nixd err <- "I[10:28:29.441] 63119: --> notify textDocument/publishDiagnostics\n"
2024-11-25T10:28:29.482 helix_lsp::transport [ERROR] nixd err <- "I[10:28:29.482] 63119: <-- textDocument/didChange\n"
2024-11-25T10:28:29.482 helix_lsp::transport [ERROR] nixd err <- "I[10:28:29.482] 63119: --> notify textDocument/publishDiagnostics\n"
2024-11-25T10:28:29.522 helix_lsp::transport [ERROR] nixd err <- "I[10:28:29.522] 63119: <-- textDocument/didChange\n"
2024-11-25T10:28:29.522 helix_lsp::transport [ERROR] nixd err <- "I[10:28:29.522] 63119: --> notify textDocument/publishDiagnostics\n"
2024-11-25T10:28:29.808 helix_lsp::transport [ERROR] nixd err <- "I[10:28:29.808] 63119: <-- textDocument/didChange\n"
2024-11-25T10:28:29.809 helix_lsp::transport [ERROR] nixd err <- "I[10:28:29.809] 63119: --> notify textDocument/publishDiagnostics\n"
2024-11-25T10:28:29.978 helix_lsp::transport [ERROR] nixd err <- "I[10:28:29.978] 63119: <-- textDocument/didChange\n"
2024-11-25T10:28:29.978 helix_lsp::transport [ERROR] nixd err <- "I[10:28:29.978] 63119: --> notify textDocument/publishDiagnostics\n"
2024-11-25T10:28:30.349 helix_lsp::transport [ERROR] nixd err <- "I[10:28:30.349] 63119: <-- textDocument/didChange\n"
2024-11-25T10:28:30.349 helix_lsp::transport [ERROR] nixd err <- "I[10:28:30.349] 63119: --> notify textDocument/publishDiagnostics\n"
2024-11-25T10:28:30.454 helix_lsp::transport [ERROR] nixd err <- "I[10:28:30.454] 63119: <-- textDocument/didChange\n"
2024-11-25T10:28:30.454 helix_lsp::transport [ERROR] nixd err <- "I[10:28:30.454] 63119: --> notify textDocument/publishDiagnostics\n"
2024-11-25T10:28:30.587 helix_lsp::transport [ERROR] nixd err <- "I[10:28:30.587] 63119: <-- textDocument/didChange\n"
2024-11-25T10:28:30.588 helix_lsp::transport [ERROR] nixd err <- "I[10:28:30.587] 63119: --> notify textDocument/publishDiagnostics\n"
2024-11-25T10:28:30.725 helix_lsp::transport [ERROR] nixd err <- "I[10:28:30.725] 63119: <-- textDocument/didChange\n"
2024-11-25T10:28:30.725 helix_lsp::transport [ERROR] nixd err <- "I[10:28:30.725] 63119: --> notify textDocument/publishDiagnostics\n"
2024-11-25T10:28:30.951 helix_lsp::transport [ERROR] nixd err <- "I[10:28:30.951] 63119: <-- textDocument/didChange\n"
2024-11-25T10:28:30.952 helix_lsp::transport [ERROR] nixd err <- "I[10:28:30.952] 63119: --> notify textDocument/publishDiagnostics\n"
2024-11-25T10:28:31.117 helix_lsp::transport [ERROR] nixd err <- "I[10:28:31.117] 63119: <-- textDocument/didChange\n"
2024-11-25T10:28:31.118 helix_lsp::transport [ERROR] nixd err <- "I[10:28:31.118] 63119: --> notify textDocument/publishDiagnostics\n"
2024-11-25T10:28:31.298 helix_lsp::transport [ERROR] nixd err <- "I[10:28:31.298] 63119: <-- textDocument/didChange\n"
2024-11-25T10:28:31.298 helix_lsp::transport [ERROR] nixd err <- "I[10:28:31.298] 63119: --> notify textDocument/publishDiagnostics\n"
2024-11-25T10:28:31.367 helix_lsp::transport [ERROR] nixd err <- "I[10:28:31.367] 63119: <-- textDocument/didChange\n"
2024-11-25T10:28:31.367 helix_lsp::transport [ERROR] nixd err <- "I[10:28:31.367] 63119: --> notify textDocument/publishDiagnostics\n"
2024-11-25T10:28:31.514 helix_lsp::transport [ERROR] nixd err <- "I[10:28:31.514] 63119: <-- textDocument/didChange\n"
2024-11-25T10:28:31.515 helix_lsp::transport [ERROR] nixd err <- "I[10:28:31.515] 63119: --> notify textDocument/publishDiagnostics\n"
2024-11-25T10:28:31.528 helix_lsp::transport [ERROR] nixd err <- "I[10:28:31.528] 63119: <-- textDocument/completion(7)\n"
2024-11-25T10:28:31.529 helix_lsp::transport [ERROR] nixd err <- "I[10:28:31.529] 63119: --> call attrset/optionComplete(9)\n"
2024-11-25T10:28:31.530 helix_lsp::transport [ERROR] nixd err <- "I[10:28:31.530] 63119: <-- reply(9)\n"
2024-11-25T10:28:31.530 helix_lsp::transport [ERROR] nixd err <- "I[10:28:31.530] 63119: --> call attrset/optionComplete(8)\n"
2024-11-25T10:28:31.531 helix_lsp::transport [ERROR] nixd err <- "I[10:28:31.531] 63119: <-- reply(8)\n"
2024-11-25T10:28:31.531 helix_lsp::transport [ERROR] nixd err <- "I[10:28:31.531] 63119: --> reply:textDocument/completion(7)\n"
2024-11-25T10:28:32.172 helix_lsp::transport [ERROR] nixd err <- "I[10:28:32.172] 63119: <-- textDocument/didChange\n"
2024-11-25T10:28:32.172 helix_lsp::transport [ERROR] nixd err <- "I[10:28:32.172] 63119: --> notify textDocument/publishDiagnostics\n"
2024-11-25T10:28:32.284 helix_lsp::transport [ERROR] nixd err <- "I[10:28:32.284] 63119: <-- textDocument/didChange\n"
2024-11-25T10:28:32.284 helix_lsp::transport [ERROR] nixd err <- "I[10:28:32.284] 63119: --> notify textDocument/publishDiagnostics\n"
2024-11-25T10:28:32.396 helix_lsp::transport [ERROR] nixd err <- "I[10:28:32.396] 63119: <-- textDocument/didChange\n"
2024-11-25T10:28:32.397 helix_lsp::transport [ERROR] nixd err <- "I[10:28:32.397] 63119: --> notify textDocument/publishDiagnostics\n"
2024-11-25T10:28:32.501 helix_lsp::transport [ERROR] nixd err <- "I[10:28:32.501] 63119: <-- textDocument/didChange\n"
2024-11-25T10:28:32.501 helix_lsp::transport [ERROR] nixd err <- "I[10:28:32.501] 63119: --> notify textDocument/publishDiagnostics\n"
2024-11-25T10:28:32.753 helix_lsp::transport [ERROR] nixd err <- "I[10:28:32.753] 63119: <-- textDocument/completion(8)\n"
2024-11-25T10:28:32.753 helix_lsp::transport [ERROR] nixd err <- "I[10:28:32.753] 63119: --> call attrset/optionComplete(10)\n"
2024-11-25T10:28:32.753 helix_lsp::transport [ERROR] nixd err <- "I[10:28:32.753] 63119: <-- reply(10)\n"
2024-11-25T10:28:32.753 helix_lsp::transport [ERROR] nixd err <- "I[10:28:32.753] 63119: --> call attrset/optionComplete(9)\n"
2024-11-25T10:28:32.754 helix_lsp::transport [ERROR] nixd err <- "I[10:28:32.754] 63119: <-- reply(9)\n"
2024-11-25T10:28:32.754 helix_lsp::transport [ERROR] nixd err <- "I[10:28:32.754] 63119: --> reply:textDocument/completion(8)\n"
2024-11-25T10:28:34.941 helix_lsp::transport [ERROR] nixd err <- "I[10:28:34.941] 63119: <-- completionItem/resolve(9)\n"
2024-11-25T10:28:34.942 helix_lsp::transport [ERROR] nixd err <- "I[10:28:34.942] 63119: --> reply:completionItem/resolve(9)\n"
2024-11-25T10:28:35.559 helix_lsp::transport [ERROR] nixd err <- "I[10:28:35.559] 63119: <-- textDocument/didChange\n"
2024-11-25T10:28:35.559 helix_lsp::transport [ERROR] nixd err <- "I[10:28:35.559] 63119: --> notify textDocument/publishDiagnostics\n"
2024-11-25T10:28:35.559 helix_lsp::transport [ERROR] nixd err <- "I[10:28:35.559] 63119: <-- textDocument/didChange\n"
2024-11-25T10:28:35.559 helix_lsp::transport [ERROR] nixd err <- "I[10:28:35.559] 63119: --> notify textDocument/publishDiagnostics\n"
2024-11-25T10:28:36.160 helix_lsp::transport [ERROR] nixd err <- "I[10:28:36.159] 63119: <-- textDocument/didChange\n"
2024-11-25T10:28:36.160 helix_lsp::transport [ERROR] nixd err <- "I[10:28:36.160] 63119: --> notify textDocument/publishDiagnostics\n"
2024-11-25T10:28:36.200 helix_lsp::transport [ERROR] nixd err <- "I[10:28:36.200] 63119: <-- textDocument/didChange\n"
2024-11-25T10:28:36.200 helix_lsp::transport [ERROR] nixd err <- "I[10:28:36.200] 63119: --> notify textDocument/publishDiagnostics\n"
2024-11-25T10:28:36.240 helix_lsp::transport [ERROR] nixd err <- "I[10:28:36.240] 63119: <-- textDocument/didChange\n"
2024-11-25T10:28:36.240 helix_lsp::transport [ERROR] nixd err <- "I[10:28:36.240] 63119: --> notify textDocument/publishDiagnostics\n"
2024-11-25T10:28:36.280 helix_lsp::transport [ERROR] nixd err <- "I[10:28:36.280] 63119: <-- textDocument/didChange\n"
2024-11-25T10:28:36.281 helix_lsp::transport [ERROR] nixd err <- "I[10:28:36.281] 63119: --> notify textDocument/publishDiagnostics\n"
2024-11-25T10:28:36.320 helix_lsp::transport [ERROR] nixd err <- "I[10:28:36.320] 63119: <-- textDocument/didChange\n"
2024-11-25T10:28:36.320 helix_lsp::transport [ERROR] nixd err <- "I[10:28:36.320] 63119: --> notify textDocument/publishDiagnostics\n"
2024-11-25T10:28:36.361 helix_lsp::transport [ERROR] nixd err <- "I[10:28:36.360] 63119: <-- textDocument/didChange\n"
2024-11-25T10:28:36.361 helix_lsp::transport [ERROR] nixd err <- "I[10:28:36.361] 63119: --> notify textDocument/publishDiagnostics\n"
2024-11-25T10:28:36.401 helix_lsp::transport [ERROR] nixd err <- "I[10:28:36.400] 63119: <-- textDocument/didChange\n"
2024-11-25T10:28:36.401 helix_lsp::transport [ERROR] nixd err <- "I[10:28:36.401] 63119: --> notify textDocument/publishDiagnostics\n"
2024-11-25T10:28:36.441 helix_lsp::transport [ERROR] nixd err <- "I[10:28:36.441] 63119: <-- textDocument/didChange\n"
2024-11-25T10:28:36.441 helix_lsp::transport [ERROR] nixd err <- "I[10:28:36.441] 63119: --> notify textDocument/publishDiagnostics\n"
2024-11-25T10:28:36.482 helix_lsp::transport [ERROR] nixd err <- "I[10:28:36.482] 63119: <-- textDocument/didChange\n"
2024-11-25T10:28:36.482 helix_lsp::transport [ERROR] nixd err <- "I[10:28:36.482] 63119: --> notify textDocument/publishDiagnostics\n"
2024-11-25T10:28:36.522 helix_lsp::transport [ERROR] nixd err <- "I[10:28:36.522] 63119: <-- textDocument/didChange\n"
2024-11-25T10:28:36.523 helix_lsp::transport [ERROR] nixd err <- "I[10:28:36.523] 63119: --> notify textDocument/publishDiagnostics\n"
2024-11-25T10:28:36.563 helix_lsp::transport [ERROR] nixd err <- "I[10:28:36.563] 63119: <-- textDocument/didChange\n"
2024-11-25T10:28:36.563 helix_lsp::transport [ERROR] nixd err <- "I[10:28:36.563] 63119: --> notify textDocument/publishDiagnostics\n"
2024-11-25T10:28:36.603 helix_lsp::transport [ERROR] nixd err <- "I[10:28:36.603] 63119: <-- textDocument/didChange\n"
2024-11-25T10:28:36.603 helix_lsp::transport [ERROR] nixd err <- "I[10:28:36.603] 63119: --> notify textDocument/publishDiagnostics\n"
2024-11-25T10:28:36.643 helix_lsp::transport [ERROR] nixd err <- "I[10:28:36.643] 63119: <-- textDocument/didChange\n"
2024-11-25T10:28:36.643 helix_lsp::transport [ERROR] nixd err <- "I[10:28:36.643] 63119: --> notify textDocument/publishDiagnostics\n"
2024-11-25T10:28:36.833 helix_lsp::transport [ERROR] nixd err <- "I[10:28:36.833] 63119: <-- textDocument/didChange\n"
2024-11-25T10:28:36.833 helix_lsp::transport [ERROR] nixd err <- "I[10:28:36.833] 63119: --> notify textDocument/publishDiagnostics\n"
2024-11-25T10:28:37.028 helix_lsp::transport [ERROR] nixd err <- "I[10:28:37.028] 63119: <-- textDocument/didChange\n"
2024-11-25T10:28:37.029 helix_lsp::transport [ERROR] nixd err <- "I[10:28:37.029] 63119: --> notify textDocument/publishDiagnostics\n"
2024-11-25T10:28:40.182 helix_lsp::transport [ERROR] nixd err <- "I[10:28:40.182] 63119: <-- textDocument/didChange\n"
2024-11-25T10:28:40.183 helix_lsp::transport [ERROR] nixd err <- "I[10:28:40.183] 63119: --> notify textDocument/publishDiagnostics\n"
2024-11-25T10:28:40.314 helix_lsp::transport [ERROR] nixd err <- "I[10:28:40.314] 63119: <-- textDocument/didChange\n"
2024-11-25T10:28:40.314 helix_lsp::transport [ERROR] nixd err <- "I[10:28:40.314] 63119: --> notify textDocument/publishDiagnostics\n"
2024-11-25T10:28:40.498 helix_lsp::transport [ERROR] nixd err <- "I[10:28:40.498] 63119: <-- textDocument/didChange\n"
2024-11-25T10:28:40.498 helix_lsp::transport [ERROR] nixd err <- "I[10:28:40.498] 63119: --> notify textDocument/publishDiagnostics\n"
2024-11-25T10:28:40.749 helix_lsp::transport [ERROR] nixd err <- "I[10:28:40.749] 63119: <-- textDocument/completion(10)\n"
2024-11-25T10:28:40.749 helix_lsp::transport [ERROR] nixd err <- "I[10:28:40.749] 63119: --> call attrset/optionComplete(11)\n"
2024-11-25T10:28:40.750 helix_lsp::transport [ERROR] nixd err <- "I[10:28:40.750] 63119: <-- reply(11)\n"
2024-11-25T10:28:40.750 helix_lsp::transport [ERROR] nixd err <- "I[10:28:40.750] 63119: --> call attrset/optionComplete(10)\n"
2024-11-25T10:28:40.750 helix_lsp::transport [ERROR] nixd err <- "I[10:28:40.750] 63119: <-- reply(10)\n"
2024-11-25T10:28:40.751 helix_lsp::transport [ERROR] nixd err <- "I[10:28:40.751] 63119: --> reply:textDocument/completion(10)\n"
2024-11-25T10:28:41.128 helix_lsp::transport [ERROR] nixd err <- "I[10:28:41.128] 63119: <-- textDocument/didChange\n"
2024-11-25T10:28:41.128 helix_lsp::transport [ERROR] nixd err <- "I[10:28:41.128] 63119: --> notify textDocument/publishDiagnostics\n"
2024-11-25T10:28:41.689 helix_lsp::transport [ERROR] nixd err <- "I[10:28:41.689] 63119: <-- completionItem/resolve(11)\n"
2024-11-25T10:28:41.689 helix_lsp::transport [ERROR] nixd err <- "I[10:28:41.689] 63119: --> reply:completionItem/resolve(11)\n"
2024-11-25T10:28:42.221 helix_lsp::transport [ERROR] nixd err <- "I[10:28:42.221] 63119: <-- textDocument/didChange\n"
2024-11-25T10:28:42.221 helix_lsp::transport [ERROR] nixd err <- "I[10:28:42.221] 63119: --> notify textDocument/publishDiagnostics\n"
2024-11-25T10:28:42.222 helix_lsp::transport [ERROR] nixd err <- "I[10:28:42.222] 63119: <-- textDocument/didChange\n"
2024-11-25T10:28:42.222 helix_lsp::transport [ERROR] nixd err <- "I[10:28:42.222] 63119: --> notify textDocument/publishDiagnostics\n"
2024-11-25T10:28:42.647 helix_lsp::transport [ERROR] nixd err <- "I[10:28:42.647] 63119: <-- textDocument/didChange\n"
2024-11-25T10:28:42.647 helix_lsp::transport [ERROR] nixd err <- "I[10:28:42.647] 63119: --> notify textDocument/publishDiagnostics\n"
2024-11-25T10:28:42.661 helix_lsp::transport [ERROR] nixd err <- "I[10:28:42.661] 63119: <-- textDocument/completion(12)\n"
2024-11-25T10:28:42.661 helix_lsp::transport [ERROR] nixd err <- "I[10:28:42.661] 63119: --> call attrset/optionComplete(12)\n"
2024-11-25T10:28:42.662 helix_lsp::transport [ERROR] nixd err <- "I[10:28:42.662] 63119: <-- reply(12)\n"
2024-11-25T10:28:42.662 helix_lsp::transport [ERROR] nixd err <- "I[10:28:42.662] 63119: --> call attrset/optionComplete(11)\n"
2024-11-25T10:28:42.662 helix_lsp::transport [ERROR] nixd err <- "I[10:28:42.662] 63119: <-- reply(11)\n"
2024-11-25T10:28:42.662 helix_lsp::transport [ERROR] nixd err <- "E[10:28:42.662] 63119: option worker reported: -32001: attrname wayland not found in attrset\n"
2024-11-25T10:28:42.662 helix_lsp::transport [ERROR] nixd err <- "I[10:28:42.662] 63119: --> reply:textDocument/completion(12)\n"
2024-11-25T10:28:43.644 helix_lsp::transport [ERROR] nixd err <- "I[10:28:43.644] 63119: <-- completionItem/resolve(13)\n"
2024-11-25T10:28:43.644 helix_lsp::transport [ERROR] nixd err <- "I[10:28:43.644] 63119: --> reply:completionItem/resolve(13)\n"
2024-11-25T10:28:44.052 helix_lsp::transport [ERROR] nixd err <- "I[10:28:44.052] 63119: <-- textDocument/didChange\n"
2024-11-25T10:28:44.052 helix_lsp::transport [ERROR] nixd err <- "I[10:28:44.052] 63119: --> notify textDocument/publishDiagnostics\n"
2024-11-25T10:28:44.053 helix_lsp::transport [ERROR] nixd err <- "I[10:28:44.052] 63119: <-- textDocument/didChange\n"
2024-11-25T10:28:44.053 helix_lsp::transport [ERROR] nixd err <- "I[10:28:44.053] 63119: --> notify textDocument/publishDiagnostics\n"
2024-11-25T10:28:44.059 helix_lsp::transport [ERROR] nixd err <- "I[10:28:44.059] 63119: <-- textDocument/completion(14)\n"
2024-11-25T10:28:44.059 helix_lsp::transport [ERROR] nixd err <- "I[10:28:44.059] 63119: --> call attrset/optionComplete(13)\n"
2024-11-25T10:28:44.059 helix_lsp::transport [ERROR] nixd err <- "I[10:28:44.059] 63119: <-- reply(13)\n"
2024-11-25T10:28:44.059 helix_lsp::transport [ERROR] nixd err <- "I[10:28:44.059] 63119: --> call attrset/optionComplete(12)\n"
2024-11-25T10:28:44.060 helix_lsp::transport [ERROR] nixd err <- "I[10:28:44.060] 63119: <-- reply(12)\n"
2024-11-25T10:28:44.060 helix_lsp::transport [ERROR] nixd err <- "E[10:28:44.060] 63119: option worker reported: -32001: attrname wayland not found in attrset\n"
2024-11-25T10:28:44.060 helix_lsp::transport [ERROR] nixd err <- "I[10:28:44.060] 63119: --> reply:textDocument/completion(14)\n"
2024-11-25T10:28:44.556 helix_lsp::transport [ERROR] nixd err <- "I[10:28:44.556] 63119: <-- textDocument/didChange\n"
2024-11-25T10:28:44.556 helix_lsp::transport [ERROR] nixd err <- "I[10:28:44.556] 63119: --> notify textDocument/publishDiagnostics\n"
2024-11-25T10:28:44.901 helix_lsp::transport [ERROR] nixd err <- "I[10:28:44.901] 63119: <-- completionItem/resolve(15)\n"
2024-11-25T10:28:44.902 helix_lsp::transport [ERROR] nixd err <- "I[10:28:44.901] 63119: --> reply:completionItem/resolve(15)\n"
2024-11-25T10:28:45.476 helix_lsp::transport [ERROR] nixd err <- "I[10:28:45.476] 63119: <-- textDocument/didChange\n"
2024-11-25T10:28:45.476 helix_lsp::transport [ERROR] nixd err <- "I[10:28:45.476] 63119: --> notify textDocument/publishDiagnostics\n"
2024-11-25T10:28:45.476 helix_lsp::transport [ERROR] nixd err <- "I[10:28:45.476] 63119: <-- textDocument/didChange\n"
2024-11-25T10:28:45.477 helix_lsp::transport [ERROR] nixd err <- "I[10:28:45.477] 63119: --> notify textDocument/publishDiagnostics\n"
2024-11-25T10:28:45.477 helix_lsp::transport [ERROR] nixd err <- "I[10:28:45.477] 63119: <-- textDocument/didChange\n"
2024-11-25T10:28:45.477 helix_lsp::transport [ERROR] nixd err <- "I[10:28:45.477] 63119: --> notify textDocument/publishDiagnostics\n"
2024-11-25T10:28:45.491 helix_lsp::transport [ERROR] nixd err <- "I[10:28:45.491] 63119: <-- textDocument/completion(16)\n"
2024-11-25T10:28:45.491 helix_lsp::transport [ERROR] nixd err <- "I[10:28:45.491] 63119: --> call attrset/optionComplete(14)\n"
2024-11-25T10:28:45.493 helix_lsp::transport [ERROR] nixd err <- "I[10:28:45.493] 63119: <-- reply(14)\n"
2024-11-25T10:28:45.493 helix_lsp::transport [ERROR] nixd err <- "I[10:28:45.493] 63119: --> call attrset/optionComplete(13)\n"
2024-11-25T10:28:45.493 helix_lsp::transport [ERROR] nixd err <- "I[10:28:45.493] 63119: <-- reply(13)\n"
2024-11-25T10:28:45.493 helix_lsp::transport [ERROR] nixd err <- "E[10:28:45.493] 63119: option worker reported: -32001: attrname wayland not found in attrset\n"
2024-11-25T10:28:45.494 helix_lsp::transport [ERROR] nixd err <- "I[10:28:45.493] 63119: --> reply:textDocument/completion(16)\n"
2024-11-25T10:28:45.934 helix_lsp::transport [ERROR] nixd err <- "I[10:28:45.934] 63119: <-- completionItem/resolve(17)\n"
2024-11-25T10:28:45.935 helix_lsp::transport [ERROR] nixd err <- "I[10:28:45.935] 63119: --> reply:completionItem/resolve(17)\n"
2024-11-25T10:28:47.580 helix_lsp::transport [ERROR] nixd err <- "I[10:28:47.580] 63119: <-- textDocument/didChange\n"
2024-11-25T10:28:47.580 helix_lsp::transport [ERROR] nixd err <- "I[10:28:47.580] 63119: --> notify textDocument/publishDiagnostics\n"
2024-11-25T10:28:47.580 helix_lsp::transport [ERROR] nixd err <- "I[10:28:47.580] 63119: <-- textDocument/didChange\n"
2024-11-25T10:28:47.580 helix_lsp::transport [ERROR] nixd err <- "I[10:28:47.580] 63119: --> notify textDocument/publishDiagnostics\n"
2024-11-25T10:28:48.179 helix_lsp::transport [ERROR] nixd err <- "I[10:28:48.179] 63119: <-- textDocument/didChange\n"
2024-11-25T10:28:48.180 helix_lsp::transport [ERROR] nixd err <- "I[10:28:48.179] 63119: --> notify textDocument/publishDiagnostics\n"
2024-11-25T10:28:48.219 helix_lsp::transport [ERROR] nixd err <- "I[10:28:48.219] 63119: <-- textDocument/didChange\n"
2024-11-25T10:28:48.220 helix_lsp::transport [ERROR] nixd err <- "I[10:28:48.219] 63119: --> notify textDocument/publishDiagnostics\n"
2024-11-25T10:28:48.260 helix_lsp::transport [ERROR] nixd err <- "I[10:28:48.260] 63119: <-- textDocument/didChange\n"
2024-11-25T10:28:48.260 helix_lsp::transport [ERROR] nixd err <- "I[10:28:48.260] 63119: --> notify textDocument/publishDiagnostics\n"
2024-11-25T10:28:48.300 helix_lsp::transport [ERROR] nixd err <- "I[10:28:48.300] 63119: <-- textDocument/didChange\n"
2024-11-25T10:28:48.300 helix_lsp::transport [ERROR] nixd err <- "I[10:28:48.300] 63119: --> notify textDocument/publishDiagnostics\n"
2024-11-25T10:28:48.340 helix_lsp::transport [ERROR] nixd err <- "I[10:28:48.340] 63119: <-- textDocument/didChange\n"
2024-11-25T10:28:48.341 helix_lsp::transport [ERROR] nixd err <- "I[10:28:48.341] 63119: --> notify textDocument/publishDiagnostics\n"
2024-11-25T10:28:48.381 helix_lsp::transport [ERROR] nixd err <- "I[10:28:48.381] 63119: <-- textDocument/didChange\n"
2024-11-25T10:28:48.381 helix_lsp::transport [ERROR] nixd err <- "I[10:28:48.381] 63119: --> notify textDocument/publishDiagnostics\n"
2024-11-25T10:28:48.421 helix_lsp::transport [ERROR] nixd err <- "I[10:28:48.421] 63119: <-- textDocument/didChange\n"
2024-11-25T10:28:48.421 helix_lsp::transport [ERROR] nixd err <- "I[10:28:48.421] 63119: --> notify textDocument/publishDiagnostics\n"
2024-11-25T10:28:48.461 helix_lsp::transport [ERROR] nixd err <- "I[10:28:48.461] 63119: <-- textDocument/didChange\n"
2024-11-25T10:28:48.461 helix_lsp::transport [ERROR] nixd err <- "I[10:28:48.461] 63119: --> notify textDocument/publishDiagnostics\n"
2024-11-25T10:28:48.502 helix_lsp::transport [ERROR] nixd err <- "I[10:28:48.502] 63119: <-- textDocument/didChange\n"
2024-11-25T10:28:48.502 helix_lsp::transport [ERROR] nixd err <- "I[10:28:48.502] 63119: --> notify textDocument/publishDiagnostics\n"
2024-11-25T10:28:48.543 helix_lsp::transport [ERROR] nixd err <- "I[10:28:48.543] 63119: <-- textDocument/didChange\n"
2024-11-25T10:28:48.543 helix_lsp::transport [ERROR] nixd err <- "I[10:28:48.543] 63119: --> notify textDocument/publishDiagnostics\n"
2024-11-25T10:28:48.582 helix_lsp::transport [ERROR] nixd err <- "I[10:28:48.582] 63119: <-- textDocument/didChange\n"
2024-11-25T10:28:48.583 helix_lsp::transport [ERROR] nixd err <- "I[10:28:48.583] 63119: --> notify textDocument/publishDiagnostics\n"
2024-11-25T10:28:48.623 helix_lsp::transport [ERROR] nixd err <- "I[10:28:48.623] 63119: <-- textDocument/didChange\n"
2024-11-25T10:28:48.623 helix_lsp::transport [ERROR] nixd err <- "I[10:28:48.623] 63119: --> notify textDocument/publishDiagnostics\n"
2024-11-25T10:28:48.663 helix_lsp::transport [ERROR] nixd err <- "I[10:28:48.663] 63119: <-- textDocument/didChange\n"
2024-11-25T10:28:48.663 helix_lsp::transport [ERROR] nixd err <- "I[10:28:48.663] 63119: --> notify textDocument/publishDiagnostics\n"
2024-11-25T10:28:48.703 helix_lsp::transport [ERROR] nixd err <- "I[10:28:48.703] 63119: <-- textDocument/didChange\n"
2024-11-25T10:28:48.704 helix_lsp::transport [ERROR] nixd err <- "I[10:28:48.703] 63119: --> notify textDocument/publishDiagnostics\n"
2024-11-25T10:28:48.744 helix_lsp::transport [ERROR] nixd err <- "I[10:28:48.744] 63119: <-- textDocument/didChange\n"
2024-11-25T10:28:48.744 helix_lsp::transport [ERROR] nixd err <- "I[10:28:48.744] 63119: --> notify textDocument/publishDiagnostics\n"
2024-11-25T10:28:48.784 helix_lsp::transport [ERROR] nixd err <- "I[10:28:48.784] 63119: <-- textDocument/didChange\n"
2024-11-25T10:28:48.784 helix_lsp::transport [ERROR] nixd err <- "I[10:28:48.784] 63119: --> notify textDocument/publishDiagnostics\n"
2024-11-25T10:28:48.825 helix_lsp::transport [ERROR] nixd err <- "I[10:28:48.825] 63119: <-- textDocument/didChange\n"
2024-11-25T10:28:48.825 helix_lsp::transport [ERROR] nixd err <- "I[10:28:48.825] 63119: --> notify textDocument/publishDiagnostics\n"
2024-11-25T10:28:48.864 helix_lsp::transport [ERROR] nixd err <- "I[10:28:48.864] 63119: <-- textDocument/didChange\n"
2024-11-25T10:28:48.865 helix_lsp::transport [ERROR] nixd err <- "I[10:28:48.865] 63119: --> notify textDocument/publishDiagnostics\n"
2024-11-25T10:28:48.906 helix_lsp::transport [ERROR] nixd err <- "I[10:28:48.906] 63119: <-- textDocument/didChange\n"
2024-11-25T10:28:48.906 helix_lsp::transport [ERROR] nixd err <- "I[10:28:48.906] 63119: --> notify textDocument/publishDiagnostics\n"
2024-11-25T10:28:48.945 helix_lsp::transport [ERROR] nixd err <- "I[10:28:48.945] 63119: <-- textDocument/didChange\n"
2024-11-25T10:28:48.945 helix_lsp::transport [ERROR] nixd err <- "I[10:28:48.945] 63119: --> notify textDocument/publishDiagnostics\n"
2024-11-25T10:28:48.986 helix_lsp::transport [ERROR] nixd err <- "I[10:28:48.986] 63119: <-- textDocument/didChange\n"
2024-11-25T10:28:48.986 helix_lsp::transport [ERROR] nixd err <- "I[10:28:48.986] 63119: --> notify textDocument/publishDiagnostics\n"
2024-11-25T10:28:49.026 helix_lsp::transport [ERROR] nixd err <- "I[10:28:49.026] 63119: <-- textDocument/didChange\n"
2024-11-25T10:28:49.027 helix_lsp::transport [ERROR] nixd err <- "I[10:28:49.026] 63119: --> notify textDocument/publishDiagnostics\n"
2024-11-25T10:28:49.067 helix_lsp::transport [ERROR] nixd err <- "I[10:28:49.067] 63119: <-- textDocument/didChange\n"
2024-11-25T10:28:49.067 helix_lsp::transport [ERROR] nixd err <- "I[10:28:49.067] 63119: --> notify textDocument/publishDiagnostics\n"
2024-11-25T10:28:49.107 helix_lsp::transport [ERROR] nixd err <- "I[10:28:49.107] 63119: <-- textDocument/didChange\n"
2024-11-25T10:28:49.107 helix_lsp::transport [ERROR] nixd err <- "I[10:28:49.107] 63119: --> notify textDocument/publishDiagnostics\n"
2024-11-25T10:28:49.147 helix_lsp::transport [ERROR] nixd err <- "I[10:28:49.147] 63119: <-- textDocument/didChange\n"
2024-11-25T10:28:49.148 helix_lsp::transport [ERROR] nixd err <- "I[10:28:49.148] 63119: --> notify textDocument/publishDiagnostics\n"
2024-11-25T10:28:49.188 helix_lsp::transport [ERROR] nixd err <- "I[10:28:49.187] 63119: <-- textDocument/didChange\n"
2024-11-25T10:28:49.188 helix_lsp::transport [ERROR] nixd err <- "I[10:28:49.188] 63119: --> notify textDocument/publishDiagnostics\n"
2024-11-25T10:28:49.228 helix_lsp::transport [ERROR] nixd err <- "I[10:28:49.228] 63119: <-- textDocument/didChange\n"
2024-11-25T10:28:49.228 helix_lsp::transport [ERROR] nixd err <- "I[10:28:49.228] 63119: --> notify textDocument/publishDiagnostics\n"
2024-11-25T10:28:49.268 helix_lsp::transport [ERROR] nixd err <- "I[10:28:49.268] 63119: <-- textDocument/didChange\n"
2024-11-25T10:28:49.269 helix_lsp::transport [ERROR] nixd err <- "I[10:28:49.269] 63119: --> notify textDocument/publishDiagnostics\n"
2024-11-25T10:28:49.309 helix_lsp::transport [ERROR] nixd err <- "I[10:28:49.309] 63119: <-- textDocument/didChange\n"
2024-11-25T10:28:49.309 helix_lsp::transport [ERROR] nixd err <- "I[10:28:49.309] 63119: --> notify textDocument/publishDiagnostics\n"
2024-11-25T10:28:49.349 helix_lsp::transport [ERROR] nixd err <- "I[10:28:49.349] 63119: <-- textDocument/didChange\n"
2024-11-25T10:28:49.349 helix_lsp::transport [ERROR] nixd err <- "I[10:28:49.349] 63119: --> notify textDocument/publishDiagnostics\n"
2024-11-25T10:28:49.389 helix_lsp::transport [ERROR] nixd err <- "I[10:28:49.389] 63119: <-- textDocument/didChange\n"
2024-11-25T10:28:49.390 helix_lsp::transport [ERROR] nixd err <- "I[10:28:49.390] 63119: --> notify textDocument/publishDiagnostics\n"
2024-11-25T10:28:49.429 helix_lsp::transport [ERROR] nixd err <- "I[10:28:49.429] 63119: <-- textDocument/didChange\n"
2024-11-25T10:28:49.429 helix_lsp::transport [ERROR] nixd err <- "I[10:28:49.429] 63119: --> notify textDocument/publishDiagnostics\n"
2024-11-25T10:28:49.470 helix_lsp::transport [ERROR] nixd err <- "I[10:28:49.470] 63119: <-- textDocument/didChange\n"
2024-11-25T10:28:49.470 helix_lsp::transport [ERROR] nixd err <- "I[10:28:49.470] 63119: --> notify textDocument/publishDiagnostics\n"
2024-11-25T10:28:49.510 helix_lsp::transport [ERROR] nixd err <- "I[10:28:49.510] 63119: <-- textDocument/didChange\n"
2024-11-25T10:28:49.511 helix_lsp::transport [ERROR] nixd err <- "I[10:28:49.511] 63119: --> notify textDocument/publishDiagnostics\n"
2024-11-25T10:28:49.551 helix_lsp::transport [ERROR] nixd err <- "I[10:28:49.550] 63119: <-- textDocument/didChange\n"
2024-11-25T10:28:49.551 helix_lsp::transport [ERROR] nixd err <- "I[10:28:49.551] 63119: --> notify textDocument/publishDiagnostics\n"
2024-11-25T10:28:49.591 helix_lsp::transport [ERROR] nixd err <- "I[10:28:49.591] 63119: <-- textDocument/didChange\n"
2024-11-25T10:28:49.592 helix_lsp::transport [ERROR] nixd err <- "I[10:28:49.591] 63119: --> notify textDocument/publishDiagnostics\n"
2024-11-25T10:28:49.631 helix_lsp::transport [ERROR] nixd err <- "I[10:28:49.631] 63119: <-- textDocument/didChange\n"
2024-11-25T10:28:49.632 helix_lsp::transport [ERROR] nixd err <- "I[10:28:49.632] 63119: --> notify textDocument/publishDiagnostics\n"
2024-11-25T10:28:49.673 helix_lsp::transport [ERROR] nixd err <- "I[10:28:49.672] 63119: <-- textDocument/didChange\n"
2024-11-25T10:28:49.673 helix_lsp::transport [ERROR] nixd err <- "I[10:28:49.673] 63119: --> notify textDocument/publishDiagnostics\n"
2024-11-25T10:28:49.712 helix_lsp::transport [ERROR] nixd err <- "I[10:28:49.712] 63119: <-- textDocument/didChange\n"
2024-11-25T10:28:49.712 helix_lsp::transport [ERROR] nixd err <- "I[10:28:49.712] 63119: --> notify textDocument/publishDiagnostics\n"
2024-11-25T10:28:49.752 helix_lsp::transport [ERROR] nixd err <- "I[10:28:49.752] 63119: <-- textDocument/didChange\n"
2024-11-25T10:28:49.753 helix_lsp::transport [ERROR] nixd err <- "I[10:28:49.753] 63119: --> notify textDocument/publishDiagnostics\n"
2024-11-25T10:28:49.793 helix_lsp::transport [ERROR] nixd err <- "I[10:28:49.793] 63119: <-- textDocument/didChange\n"
2024-11-25T10:28:49.794 helix_lsp::transport [ERROR] nixd err <- "I[10:28:49.794] 63119: --> notify textDocument/publishDiagnostics\n"
2024-11-25T10:28:49.834 helix_lsp::transport [ERROR] nixd err <- "I[10:28:49.834] 63119: <-- textDocument/didChange\n"
2024-11-25T10:28:49.834 helix_lsp::transport [ERROR] nixd err <- "I[10:28:49.834] 63119: --> notify textDocument/publishDiagnostics\n"
2024-11-25T10:28:49.874 helix_lsp::transport [ERROR] nixd err <- "I[10:28:49.874] 63119: <-- textDocument/didChange\n"
2024-11-25T10:28:49.874 helix_lsp::transport [ERROR] nixd err <- "I[10:28:49.874] 63119: --> notify textDocument/publishDiagnostics\n"
2024-11-25T10:28:49.914 helix_lsp::transport [ERROR] nixd err <- "I[10:28:49.914] 63119: <-- textDocument/didChange\n"
2024-11-25T10:28:49.915 helix_lsp::transport [ERROR] nixd err <- "I[10:28:49.915] 63119: --> notify textDocument/publishDiagnostics\n"
2024-11-25T10:28:49.955 helix_lsp::transport [ERROR] nixd err <- "I[10:28:49.955] 63119: <-- textDocument/didChange\n"
2024-11-25T10:28:49.955 helix_lsp::transport [ERROR] nixd err <- "I[10:28:49.955] 63119: --> notify textDocument/publishDiagnostics\n"
2024-11-25T10:28:49.995 helix_lsp::transport [ERROR] nixd err <- "I[10:28:49.995] 63119: <-- textDocument/didChange\n"
2024-11-25T10:28:49.995 helix_lsp::transport [ERROR] nixd err <- "I[10:28:49.995] 63119: --> notify textDocument/publishDiagnostics\n"
2024-11-25T10:28:50.035 helix_lsp::transport [ERROR] nixd err <- "I[10:28:50.035] 63119: <-- textDocument/didChange\n"
2024-11-25T10:28:50.035 helix_lsp::transport [ERROR] nixd err <- "I[10:28:50.035] 63119: --> notify textDocument/publishDiagnostics\n"
2024-11-25T10:28:50.075 helix_lsp::transport [ERROR] nixd err <- "I[10:28:50.075] 63119: <-- textDocument/didChange\n"
2024-11-25T10:28:50.075 helix_lsp::transport [ERROR] nixd err <- "I[10:28:50.075] 63119: --> notify textDocument/publishDiagnostics\n"
2024-11-25T10:28:50.116 helix_lsp::transport [ERROR] nixd err <- "I[10:28:50.116] 63119: <-- textDocument/didChange\n"
2024-11-25T10:28:50.116 helix_lsp::transport [ERROR] nixd err <- "I[10:28:50.116] 63119: --> notify textDocument/publishDiagnostics\n"
2024-11-25T10:28:50.156 helix_lsp::transport [ERROR] nixd err <- "I[10:28:50.156] 63119: <-- textDocument/didChange\n"
2024-11-25T10:28:50.157 helix_lsp::transport [ERROR] nixd err <- "I[10:28:50.156] 63119: --> notify textDocument/publishDiagnostics\n"
2024-11-25T10:28:50.845 helix_lsp::transport [ERROR] nixd err <- "I[10:28:50.845] 63119: <-- textDocument/didChange\n"
2024-11-25T10:28:50.846 helix_lsp::transport [ERROR] nixd err <- "I[10:28:50.846] 63119: --> notify textDocument/publishDiagnostics\n"
2024-11-25T10:28:51.218 helix_lsp::transport [ERROR] nixd err <- "I[10:28:51.217] 63119: <-- textDocument/didChange\n"
2024-11-25T10:28:51.218 helix_lsp::transport [ERROR] nixd err <- "I[10:28:51.218] 63119: --> notify textDocument/publishDiagnostics\n"
2024-11-25T10:28:51.740 helix_lsp::transport [ERROR] nixd err <- "I[10:28:51.740] 63119: <-- textDocument/didChange\n"
2024-11-25T10:28:51.740 helix_lsp::transport [ERROR] nixd err <- "I[10:28:51.740] 63119: --> notify textDocument/publishDiagnostics\n"
2024-11-25T10:29:00.864 helix_lsp::transport [ERROR] nixd err <- "I[10:29:00.864] 63119: <-- textDocument/didOpen\n"
2024-11-25T10:29:00.864 helix_lsp::transport [ERROR] nixd err <- "I[10:29:00.864] 63119: --> notify textDocument/publishDiagnostics\n"
2024-11-25T10:29:07.353 helix_lsp::transport [ERROR] nixd err <- "I[10:29:07.352] 63119: <-- shutdown(18)\n"
2024-11-25T10:29:07.353 helix_lsp::transport [ERROR] nixd err <- "I[10:29:07.353] 63119: --> reply:shutdown(18)\n"
2024-11-25T10:29:07.353 helix_lsp::transport [ERROR] nixd err <- "I[10:29:07.353] 63119: <-- exit\n"
